# JRE version: OpenJDK Runtime Environment Temurin-21.0.4+7 (21.0.4+7) (build 21.0.4+7-LTS)
# Java VM: OpenJDK 64-Bit Server VM Temurin-21.0.4+7 (21.0.4+7-LTS, mixed mode, emulated-client, tiered, compressed oops, compressed class ptrs, g1 gc, windows-amd64)
GC Precious Log:
 CardTable entry size: 512
 Card Set container configuration: InlinePtr #cards 4 size 8 Array Of Cards #cards 16 size 48 Howl #buckets 8 coarsen threshold 3686 Howl Bitmap #cards 512 size 80 coarsen threshold 460 Card regions per heap region 1 cards per card region 4096
 CPUs: 12 total, 12 available
 Memory: 16076M
 Large Page Support: Disabled
 NUMA Support: Disabled
 Compressed Oops: Enabled (Zero based)
 Heap Region Size: 2M
 Heap Min Capacity: 8M
 Heap Initial Capacity: 252M
 Heap Max Capacity: 4020M
 Pre-touch: Disabled
 Parallel Workers: 10
 Concurrent Workers: 3
 Concurrent Refinement Workers: 10
 Periodic GC: Disabled
Heap:
 garbage-first heap   total 141312K, used 124924K [0x0000000704c00000, 0x0000000800000000)
  region size 2048K, 37 young (75776K), 4 survivors (8192K)
 Metaspace       used 60266K, committed 62016K, reserved 1114112K
  class space    used 7256K, committed 7872K, reserved 1048576K
GC Heap History (20 events):
Event: 47967.950 GC heap after
{Heap after GC invocations=270 (full 6):
 garbage-first heap   total 141312K, used 46863K [0x0000000704c00000, 0x0000000800000000)
  region size 2048K, 3 young (6144K), 3 survivors (6144K)
 Metaspace       used 60260K, committed 62016K, reserved 1114112K
  class space    used 7255K, committed 7872K, reserved 1048576K
}
Event: 47972.842 GC heap before
{Heap before GC invocations=270 (full 6):
 garbage-first heap   total 141312K, used 124687K [0x0000000704c00000, 0x0000000800000000)
  region size 2048K, 41 young (83968K), 3 survivors (6144K)
 Metaspace       used 60260K, committed 62016K, reserved 1114112K
  class space    used 7255K, committed 7872K, reserved 1048576K
}
Event: 47972.844 GC heap after
{Heap after GC invocations=271 (full 6):
 garbage-first heap   total 141312K, used 46743K [0x0000000704c00000, 0x0000000800000000)
  region size 2048K, 3 young (6144K), 3 survivors (6144K)
 Metaspace       used 60260K, committed 62016K, reserved 1114112K
  class space    used 7255K, committed 7872K, reserved 1048576K
}
Event: 47977.629 GC heap before
{Heap before GC invocations=271 (full 6):
 garbage-first heap   total 141312K, used 124567K [0x0000000704c00000, 0x0000000800000000)
  region size 2048K, 41 young (83968K), 3 survivors (6144K)
 Metaspace       used 60260K, committed 62016K, reserved 1114112K
  class space    used 7255K, committed 7872K, reserved 1048576K
}
Event: 47977.631 GC heap after
{Heap after GC invocations=272 (full 6):
 garbage-first heap   total 141312K, used 46818K [0x0000000704c00000, 0x0000000800000000)
  region size 2048K, 3 young (6144K), 3 survivors (6144K)
 Metaspace       used 60260K, committed 62016K, reserved 1114112K
  class space    used 7255K, committed 7872K, reserved 1048576K
}
Event: 47982.449 GC heap before
{Heap before GC invocations=272 (full 6):
 garbage-first heap   total 141312K, used 124642K [0x0000000704c00000, 0x0000000800000000)
  region size 2048K, 41 young (83968K), 3 survivors (6144K)
 Metaspace       used 60260K, committed 62016K, reserved 1114112K
  class space    used 7255K, committed 7872K, reserved 1048576K
}
Event: 47982.452 GC heap after
{Heap after GC invocations=273 (full 6):
 garbage-first heap   total 141312K, used 46973K [0x0000000704c00000, 0x0000000800000000)
  region size 2048K, 3 young (6144K), 3 survivors (6144K)
 Metaspace       used 60260K, committed 62016K, reserved 1114112K
  class space    used 7255K, committed 7872K, reserved 1048576K
}
Event: 47987.243 GC heap before
{Heap before GC invocations=273 (full 6):
 garbage-first heap   total 141312K, used 124797K [0x0000000704c00000, 0x0000000800000000)
  region size 2048K, 41 young (83968K), 3 survivors (6144K)
 Metaspace       used 60260K, committed 62016K, reserved 1114112K
  class space    used 7255K, committed 7872K, reserved 1048576K
}
Event: 47987.245 GC heap after
{Heap after GC invocations=274 (full 6):
 garbage-first heap   total 141312K, used 45409K [0x0000000704c00000, 0x0000000800000000)
  region size 2048K, 2 young (4096K), 2 survivors (4096K)
 Metaspace       used 60260K, committed 62016K, reserved 1114112K
  class space    used 7255K, committed 7872K, reserved 1048576K
}
Event: 47992.082 GC heap before
{Heap before GC invocations=274 (full 6):
 garbage-first heap   total 141312K, used 125281K [0x0000000704c00000, 0x0000000800000000)
  region size 2048K, 41 young (83968K), 2 survivors (4096K)
 Metaspace       used 60260K, committed 62016K, reserved 1114112K
  class space    used 7255K, committed 7872K, reserved 1048576K
}
Event: 47992.084 GC heap after
{Heap after GC invocations=275 (full 6):
 garbage-first heap   total 141312K, used 46596K [0x0000000704c00000, 0x0000000800000000)
  region size 2048K, 2 young (4096K), 2 survivors (4096K)
 Metaspace       used 60260K, committed 62016K, reserved 1114112K
  class space    used 7255K, committed 7872K, reserved 1048576K
}
Event: 47996.701 GC heap before
{Heap before GC invocations=275 (full 6):
 garbage-first heap   total 141312K, used 126468K [0x0000000704c00000, 0x0000000800000000)
  region size 2048K, 41 young (83968K), 2 survivors (4096K)
 Metaspace       used 60262K, committed 62016K, reserved 1114112K
  class space    used 7255K, committed 7872K, reserved 1048576K
}
Event: 47996.706 GC heap after
{Heap after GC invocations=276 (full 6):
 garbage-first heap   total 141312K, used 53079K [0x0000000704c00000, 0x0000000800000000)
  region size 2048K, 6 young (12288K), 6 survivors (12288K)
 Metaspace       used 60262K, committed 62016K, reserved 1114112K
  class space    used 7255K, committed 7872K, reserved 1048576K
}
Event: 48000.900 GC heap before
{Heap before GC invocations=276 (full 6):
 garbage-first heap   total 141312K, used 118615K [0x0000000704c00000, 0x0000000800000000)
  region size 2048K, 38 young (77824K), 6 survivors (12288K)
 Metaspace       used 60262K, committed 62016K, reserved 1114112K
  class space    used 7255K, committed 7872K, reserved 1048576K
}
Event: 48000.903 GC heap after
{Heap after GC invocations=277 (full 6):
 garbage-first heap   total 141312K, used 49276K [0x0000000704c00000, 0x0000000800000000)
  region size 2048K, 1 young (2048K), 1 survivors (2048K)
 Metaspace       used 60262K, committed 62016K, reserved 1114112K
  class space    used 7255K, committed 7872K, reserved 1048576K
}
Event: 48004.948 GC heap before
{Heap before GC invocations=277 (full 6):
 garbage-first heap   total 141312K, used 125052K [0x0000000704c00000, 0x0000000800000000)
  region size 2048K, 38 young (77824K), 1 survivors (2048K)
 Metaspace       used 60264K, committed 62016K, reserved 1114112K
  class space    used 7256K, committed 7872K, reserved 1048576K
}
Event: 48004.952 GC heap after
{Heap after GC invocations=278 (full 6):
 garbage-first heap   total 141312K, used 53903K [0x0000000704c00000, 0x0000000800000000)
  region size 2048K, 3 young (6144K), 3 survivors (6144K)
 Metaspace       used 60264K, committed 62016K, reserved 1114112K
  class space    used 7256K, committed 7872K, reserved 1048576K
}
Event: 48009.153 GC heap before
{Heap before GC invocations=278 (full 6):
 garbage-first heap   total 141312K, used 123535K [0x0000000704c00000, 0x0000000800000000)
  region size 2048K, 37 young (75776K), 3 survivors (6144K)
 Metaspace       used 60264K, committed 62016K, reserved 1114112K
  class space    used 7256K, committed 7872K, reserved 1048576K
}
Event: 48009.155 GC heap after
{Heap after GC invocations=279 (full 6):
 garbage-first heap   total 141312K, used 57340K [0x0000000704c00000, 0x0000000800000000)
  region size 2048K, 2 young (4096K), 2 survivors (4096K)
 Metaspace       used 60264K, committed 62016K, reserved 1114112K
  class space    used 7256K, committed 7872K, reserved 1048576K
}
Event: 48012.816 GC heap before
{Heap before GC invocations=279 (full 6):
 garbage-first heap   total 141312K, used 124924K [0x0000000704c00000, 0x0000000800000000)
  region size 2048K, 35 young (71680K), 2 survivors (4096K)
 Metaspace       used 60266K, committed 62016K, reserved 1114112K
  class space    used 7256K, committed 7872K, reserved 1048576K
}

