# JRE version: OpenJDK Runtime Environment Temurin-21.0.4+7 (21.0.4+7) (build 21.0.4+7-LTS)
# Java VM: OpenJDK 64-Bit Server VM Temurin-21.0.4+7 (21.0.4+7-LTS, mixed mode, emulated-client, tiered, compressed oops, compressed class ptrs, g1 gc, windows-amd64)
GC Precious Log:
 CardTable entry size: 512
 Card Set container configuration: InlinePtr #cards 4 size 8 Array Of Cards #cards 16 size 48 Howl #buckets 8 coarsen threshold 3686 Howl Bitmap #cards 512 size 80 coarsen threshold 460 Card regions per heap region 1 cards per card region 4096
 CPUs: 12 total, 12 available
 Memory: 16076M
 Large Page Support: Disabled
 NUMA Support: Disabled
 Compressed Oops: Enabled (Zero based)
 Heap Region Size: 2M
 Heap Min Capacity: 8M
 Heap Initial Capacity: 252M
 Heap Max Capacity: 4020M
 Pre-touch: Disabled
 Parallel Workers: 10
 Concurrent Workers: 3
 Concurrent Refinement Workers: 10
 Periodic GC: Disabled
Heap:
 garbage-first heap   total 182272K, used 152106K [0x0000000704c00000, 0x0000000800000000)
  region size 2048K, 54 young (110592K), 4 survivors (8192K)
 Metaspace       used 71405K, committed 72128K, reserved 1114112K
  class space    used 8409K, committed 8704K, reserved 1048576K
GC Heap History (20 events):
Event: 22730.300 GC heap after
{Heap after GC invocations=626 (full 13):
 garbage-first heap   total 137216K, used 39137K [0x0000000704c00000, 0x0000000800000000)
  region size 2048K, 0 young (0K), 0 survivors (0K)
 Metaspace       used 69526K, committed 70272K, reserved 1114112K
  class space    used 8240K, committed 8576K, reserved 1048576K
}
Event: 22731.541 GC heap before
{Heap before GC invocations=626 (full 13):
 garbage-first heap   total 137216K, used 121057K [0x0000000704c00000, 0x0000000800000000)
  region size 2048K, 40 young (81920K), 0 survivors (0K)
 Metaspace       used 70468K, committed 71168K, reserved 1114112K
  class space    used 8326K, committed 8640K, reserved 1048576K
}
Event: 22731.548 GC heap after
{Heap after GC invocations=627 (full 13):
 garbage-first heap   total 165888K, used 46667K [0x0000000704c00000, 0x0000000800000000)
  region size 2048K, 4 young (8192K), 4 survivors (8192K)
 Metaspace       used 70468K, committed 71168K, reserved 1114112K
  class space    used 8326K, committed 8640K, reserved 1048576K
}
Event: 22737.673 GC heap before
{Heap before GC invocations=628 (full 13):
 garbage-first heap   total 163840K, used 134731K [0x0000000704c00000, 0x0000000800000000)
  region size 2048K, 48 young (98304K), 4 survivors (8192K)
 Metaspace       used 70468K, committed 71168K, reserved 1114112K
  class space    used 8326K, committed 8640K, reserved 1048576K
}
Event: 22737.679 GC heap after
{Heap after GC invocations=629 (full 13):
 garbage-first heap   total 163840K, used 46024K [0x0000000704c00000, 0x0000000800000000)
  region size 2048K, 2 young (4096K), 2 survivors (4096K)
 Metaspace       used 70468K, committed 71168K, reserved 1114112K
  class space    used 8326K, committed 8640K, reserved 1048576K
}
Event: 22740.946 GC heap before
{Heap before GC invocations=629 (full 13):
 garbage-first heap   total 163840K, used 93128K [0x0000000704c00000, 0x0000000800000000)
  region size 2048K, 26 young (53248K), 2 survivors (4096K)
 Metaspace       used 70472K, committed 71232K, reserved 1114112K
  class space    used 8326K, committed 8640K, reserved 1048576K
}
Event: 22741.019 GC heap after
{Heap after GC invocations=630 (full 14):
 garbage-first heap   total 151552K, used 40812K [0x0000000704c00000, 0x0000000800000000)
  region size 2048K, 0 young (0K), 0 survivors (0K)
 Metaspace       used 70469K, committed 71232K, reserved 1114112K
  class space    used 8326K, committed 8640K, reserved 1048576K
}
Event: 22742.272 GC heap before
{Heap before GC invocations=630 (full 14):
 garbage-first heap   total 151552K, used 130924K [0x0000000704c00000, 0x0000000800000000)
  region size 2048K, 44 young (90112K), 0 survivors (0K)
 Metaspace       used 71407K, committed 72128K, reserved 1114112K
  class space    used 8409K, committed 8704K, reserved 1048576K
}
Event: 22742.279 GC heap after
{Heap after GC invocations=631 (full 14):
 garbage-first heap   total 151552K, used 48839K [0x0000000704c00000, 0x0000000800000000)
  region size 2048K, 4 young (8192K), 4 survivors (8192K)
 Metaspace       used 71407K, committed 72128K, reserved 1114112K
  class space    used 8409K, committed 8704K, reserved 1048576K
}
Event: 22747.433 GC heap before
{Heap before GC invocations=632 (full 14):
 garbage-first heap   total 151552K, used 128711K [0x0000000704c00000, 0x0000000800000000)
  region size 2048K, 43 young (88064K), 4 survivors (8192K)
 Metaspace       used 71407K, committed 72128K, reserved 1114112K
  class space    used 8409K, committed 8704K, reserved 1048576K
}
Event: 22747.437 GC heap after
{Heap after GC invocations=633 (full 14):
 garbage-first heap   total 151552K, used 50828K [0x0000000704c00000, 0x0000000800000000)
  region size 2048K, 3 young (6144K), 3 survivors (6144K)
 Metaspace       used 71407K, committed 72128K, reserved 1114112K
  class space    used 8409K, committed 8704K, reserved 1048576K
}
Event: 22753.668 GC heap before
{Heap before GC invocations=633 (full 14):
 garbage-first heap   total 151552K, used 128652K [0x0000000704c00000, 0x0000000800000000)
  region size 2048K, 41 young (83968K), 3 survivors (6144K)
 Metaspace       used 71407K, committed 72128K, reserved 1114112K
  class space    used 8409K, committed 8704K, reserved 1048576K
}
Event: 22753.672 GC heap after
{Heap after GC invocations=634 (full 14):
 garbage-first heap   total 151552K, used 49771K [0x0000000704c00000, 0x0000000800000000)
  region size 2048K, 2 young (4096K), 2 survivors (4096K)
 Metaspace       used 71407K, committed 72128K, reserved 1114112K
  class space    used 8409K, committed 8704K, reserved 1048576K
}
Event: 22761.135 GC heap before
{Heap before GC invocations=634 (full 14):
 garbage-first heap   total 151552K, used 135787K [0x0000000704c00000, 0x0000000800000000)
  region size 2048K, 44 young (90112K), 2 survivors (4096K)
 Metaspace       used 71407K, committed 72128K, reserved 1114112K
  class space    used 8409K, committed 8704K, reserved 1048576K
}
Event: 22761.139 GC heap after
{Heap after GC invocations=635 (full 14):
 garbage-first heap   total 151552K, used 48420K [0x0000000704c00000, 0x0000000800000000)
  region size 2048K, 2 young (4096K), 2 survivors (4096K)
 Metaspace       used 71407K, committed 72128K, reserved 1114112K
  class space    used 8409K, committed 8704K, reserved 1048576K
}
Event: 22767.068 GC heap before
{Heap before GC invocations=636 (full 14):
 garbage-first heap   total 151552K, used 134436K [0x0000000704c00000, 0x0000000800000000)
  region size 2048K, 44 young (90112K), 2 survivors (4096K)
 Metaspace       used 71405K, committed 72128K, reserved 1114112K
  class space    used 8409K, committed 8704K, reserved 1048576K
}
Event: 22767.070 GC heap after
{Heap after GC invocations=637 (full 14):
 garbage-first heap   total 182272K, used 50118K [0x0000000704c00000, 0x0000000800000000)
  region size 2048K, 3 young (6144K), 3 survivors (6144K)
 Metaspace       used 71405K, committed 72128K, reserved 1114112K
  class space    used 8409K, committed 8704K, reserved 1048576K
}
Event: 22774.545 GC heap before
{Heap before GC invocations=637 (full 14):
 garbage-first heap   total 182272K, used 152518K [0x0000000704c00000, 0x0000000800000000)
  region size 2048K, 53 young (108544K), 3 survivors (6144K)
 Metaspace       used 71405K, committed 72128K, reserved 1114112K
  class space    used 8409K, committed 8704K, reserved 1048576K
}
Event: 22774.549 GC heap after
{Heap after GC invocations=638 (full 14):
 garbage-first heap   total 182272K, used 49706K [0x0000000704c00000, 0x0000000800000000)
  region size 2048K, 3 young (6144K), 3 survivors (6144K)
 Metaspace       used 71405K, committed 72128K, reserved 1114112K
  class space    used 8409K, committed 8704K, reserved 1048576K
}
Event: 22782.525 GC heap before
{Heap before GC invocations=638 (full 14):
 garbage-first heap   total 182272K, used 152106K [0x0000000704c00000, 0x0000000800000000)
  region size 2048K, 53 young (108544K), 3 survivors (6144K)
 Metaspace       used 71405K, committed 72128K, reserved 1114112K
  class space    used 8409K, committed 8704K, reserved 1048576K
}

