# JRE version: OpenJDK Runtime Environment Temurin-21.0.4+7 (21.0.4+7) (build 21.0.4+7-LTS)
# Java VM: OpenJDK 64-Bit Server VM Temurin-21.0.4+7 (21.0.4+7-LTS, mixed mode, emulated-client, tiered, compressed oops, compressed class ptrs, g1 gc, windows-amd64)
GC Precious Log:
 CardTable entry size: 512
 Card Set container configuration: InlinePtr #cards 4 size 8 Array Of Cards #cards 16 size 48 Howl #buckets 8 coarsen threshold 3686 Howl Bitmap #cards 512 size 80 coarsen threshold 460 Card regions per heap region 1 cards per card region 4096
 CPUs: 12 total, 12 available
 Memory: 16076M
 Large Page Support: Disabled
 NUMA Support: Disabled
 Compressed Oops: Enabled (Zero based)
 Heap Region Size: 2M
 Heap Min Capacity: 8M
 Heap Initial Capacity: 252M
 Heap Max Capacity: 4020M
 Pre-touch: Disabled
 Parallel Workers: 10
 Concurrent Workers: 3
 Concurrent Refinement Workers: 10
 Periodic GC: Disabled
Heap:
 garbage-first heap   total 143360K, used 124272K [0x0000000704c00000, 0x0000000800000000)
  region size 2048K, 45 young (92160K), 3 survivors (6144K)
 Metaspace       used 111640K, committed 113024K, reserved 1179648K
  class space    used 12178K, committed 12864K, reserved 1048576K
GC Heap History (20 events):
Event: 9759.915 GC heap after
{Heap after GC invocations=651 (full 49):
 garbage-first heap   total 147456K, used 40587K [0x0000000704c00000, 0x0000000800000000)
  region size 2048K, 3 young (6144K), 3 survivors (6144K)
 Metaspace       used 110334K, committed 111744K, reserved 1179648K
  class space    used 12052K, committed 12736K, reserved 1048576K
}
Event: 9771.625 GC heap before
{Heap before GC invocations=651 (full 49):
 garbage-first heap   total 147456K, used 122507K [0x0000000704c00000, 0x0000000800000000)
  region size 2048K, 43 young (88064K), 3 survivors (6144K)
 Metaspace       used 110334K, committed 111744K, reserved 1179648K
  class space    used 12052K, committed 12736K, reserved 1048576K
}
Event: 9771.627 GC heap after
{Heap after GC invocations=652 (full 49):
 garbage-first heap   total 147456K, used 40667K [0x0000000704c00000, 0x0000000800000000)
  region size 2048K, 3 young (6144K), 3 survivors (6144K)
 Metaspace       used 110334K, committed 111744K, reserved 1179648K
  class space    used 12052K, committed 12736K, reserved 1048576K
}
Event: 9783.464 GC heap before
{Heap before GC invocations=652 (full 49):
 garbage-first heap   total 147456K, used 122587K [0x0000000704c00000, 0x0000000800000000)
  region size 2048K, 43 young (88064K), 3 survivors (6144K)
 Metaspace       used 110334K, committed 111744K, reserved 1179648K
  class space    used 12052K, committed 12736K, reserved 1048576K
}
Event: 9783.468 GC heap after
{Heap after GC invocations=653 (full 49):
 garbage-first heap   total 147456K, used 40482K [0x0000000704c00000, 0x0000000800000000)
  region size 2048K, 3 young (6144K), 3 survivors (6144K)
 Metaspace       used 110334K, committed 111744K, reserved 1179648K
  class space    used 12052K, committed 12736K, reserved 1048576K
}
Event: 9792.818 GC heap before
{Heap before GC invocations=653 (full 49):
 garbage-first heap   total 147456K, used 110114K [0x0000000704c00000, 0x0000000800000000)
  region size 2048K, 38 young (77824K), 3 survivors (6144K)
 Metaspace       used 110391K, committed 111744K, reserved 1179648K
  class space    used 12053K, committed 12736K, reserved 1048576K
}
Event: 9792.858 GC heap after
{Heap after GC invocations=654 (full 50):
 garbage-first heap   total 143360K, used 36018K [0x0000000704c00000, 0x0000000800000000)
  region size 2048K, 0 young (0K), 0 survivors (0K)
 Metaspace       used 110284K, committed 111744K, reserved 1179648K
  class space    used 12024K, committed 12736K, reserved 1048576K
}
Event: 9794.033 GC heap before
{Heap before GC invocations=654 (full 50):
 garbage-first heap   total 143360K, used 122034K [0x0000000704c00000, 0x0000000800000000)
  region size 2048K, 42 young (86016K), 0 survivors (0K)
 Metaspace       used 111239K, committed 112576K, reserved 1179648K
  class space    used 12125K, committed 12800K, reserved 1048576K
}
Event: 9794.037 GC heap after
{Heap after GC invocations=655 (full 50):
 garbage-first heap   total 143360K, used 41222K [0x0000000704c00000, 0x0000000800000000)
  region size 2048K, 3 young (6144K), 3 survivors (6144K)
 Metaspace       used 111239K, committed 112576K, reserved 1179648K
  class space    used 12125K, committed 12800K, reserved 1048576K
}
Event: 9805.319 GC heap before
{Heap before GC invocations=655 (full 50):
 garbage-first heap   total 143360K, used 121094K [0x0000000704c00000, 0x0000000800000000)
  region size 2048K, 42 young (86016K), 3 survivors (6144K)
 Metaspace       used 111239K, committed 112576K, reserved 1179648K
  class space    used 12125K, committed 12800K, reserved 1048576K
}
Event: 9805.326 GC heap after
{Heap after GC invocations=656 (full 50):
 garbage-first heap   total 143360K, used 42631K [0x0000000704c00000, 0x0000000800000000)
  region size 2048K, 4 young (8192K), 4 survivors (8192K)
 Metaspace       used 111239K, committed 112576K, reserved 1179648K
  class space    used 12125K, committed 12800K, reserved 1048576K
}
Event: 9816.365 GC heap before
{Heap before GC invocations=656 (full 50):
 garbage-first heap   total 143360K, used 118407K [0x0000000704c00000, 0x0000000800000000)
  region size 2048K, 41 young (83968K), 4 survivors (8192K)
 Metaspace       used 111239K, committed 112576K, reserved 1179648K
  class space    used 12125K, committed 12800K, reserved 1048576K
}
Event: 9816.368 GC heap after
{Heap after GC invocations=657 (full 50):
 garbage-first heap   total 143360K, used 39878K [0x0000000704c00000, 0x0000000800000000)
  region size 2048K, 2 young (4096K), 2 survivors (4096K)
 Metaspace       used 111239K, committed 112576K, reserved 1179648K
  class space    used 12125K, committed 12800K, reserved 1048576K
}
Event: 9827.952 GC heap before
{Heap before GC invocations=657 (full 50):
 garbage-first heap   total 143360K, used 121798K [0x0000000704c00000, 0x0000000800000000)
  region size 2048K, 42 young (86016K), 2 survivors (4096K)
 Metaspace       used 111239K, committed 112576K, reserved 1179648K
  class space    used 12125K, committed 12800K, reserved 1048576K
}
Event: 9827.954 GC heap after
{Heap after GC invocations=658 (full 50):
 garbage-first heap   total 143360K, used 40114K [0x0000000704c00000, 0x0000000800000000)
  region size 2048K, 2 young (4096K), 2 survivors (4096K)
 Metaspace       used 111239K, committed 112576K, reserved 1179648K
  class space    used 12125K, committed 12800K, reserved 1048576K
}
Event: 9839.579 GC heap before
{Heap before GC invocations=658 (full 50):
 garbage-first heap   total 143360K, used 122034K [0x0000000704c00000, 0x0000000800000000)
  region size 2048K, 42 young (86016K), 2 survivors (4096K)
 Metaspace       used 111239K, committed 112576K, reserved 1179648K
  class space    used 12125K, committed 12800K, reserved 1048576K
}
Event: 9839.584 GC heap after
{Heap after GC invocations=659 (full 50):
 garbage-first heap   total 143360K, used 40308K [0x0000000704c00000, 0x0000000800000000)
  region size 2048K, 3 young (6144K), 3 survivors (6144K)
 Metaspace       used 111239K, committed 112576K, reserved 1179648K
  class space    used 12125K, committed 12800K, reserved 1048576K
}
Event: 9845.364 GC heap before
{Heap before GC invocations=659 (full 50):
 garbage-first heap   total 143360K, used 85364K [0x0000000704c00000, 0x0000000800000000)
  region size 2048K, 26 young (53248K), 3 survivors (6144K)
 Metaspace       used 111242K, committed 112576K, reserved 1179648K
  class space    used 12125K, committed 12800K, reserved 1048576K
}
Event: 9845.398 GC heap after
{Heap after GC invocations=660 (full 51):
 garbage-first heap   total 143360K, used 38256K [0x0000000704c00000, 0x0000000800000000)
  region size 2048K, 0 young (0K), 0 survivors (0K)
 Metaspace       used 111229K, committed 112576K, reserved 1179648K
  class space    used 12123K, committed 12800K, reserved 1048576K
}
Event: 9851.445 GC heap before
{Heap before GC invocations=660 (full 51):
 garbage-first heap   total 143360K, used 124272K [0x0000000704c00000, 0x0000000800000000)
  region size 2048K, 42 young (86016K), 0 survivors (0K)
 Metaspace       used 111640K, committed 113024K, reserved 1179648K
  class space    used 12178K, committed 12864K, reserved 1048576K
}

