# JRE version: OpenJDK Runtime Environment Temurin-21.0.4+7 (21.0.4+7) (build 21.0.4+7-LTS)
# Java VM: OpenJDK 64-Bit Server VM Temurin-21.0.4+7 (21.0.4+7-LTS, mixed mode, emulated-client, tiered, compressed oops, compressed class ptrs, g1 gc, windows-amd64)
GC Precious Log:
 CardTable entry size: 512
 Card Set container configuration: InlinePtr #cards 4 size 8 Array Of Cards #cards 16 size 48 Howl #buckets 8 coarsen threshold 3686 Howl Bitmap #cards 512 size 80 coarsen threshold 460 Card regions per heap region 1 cards per card region 4096
 CPUs: 12 total, 12 available
 Memory: 16076M
 Large Page Support: Disabled
 NUMA Support: Disabled
 Compressed Oops: Enabled (Zero based)
 Heap Region Size: 2M
 Heap Min Capacity: 8M
 Heap Initial Capacity: 252M
 Heap Max Capacity: 4020M
 Pre-touch: Disabled
 Parallel Workers: 10
 Concurrent Workers: 3
 Concurrent Refinement Workers: 10
 Periodic GC: Disabled
Heap:
 garbage-first heap   total 131072K, used 110701K [0x0000000704c00000, 0x0000000800000000)
  region size 2048K, 39 young (79872K), 4 survivors (8192K)
 Metaspace       used 59729K, committed 60480K, reserved 1114112K
  class space    used 7284K, committed 7680K, reserved 1048576K
GC Heap History (20 events):
Event: 8030.720 GC heap after
{Heap after GC invocations=683 (full 35):
 garbage-first heap   total 110592K, used 36966K [0x0000000704c00000, 0x0000000800000000)
  region size 2048K, 1 young (2048K), 1 survivors (2048K)
 Metaspace       used 59338K, committed 60160K, reserved 1114112K
  class space    used 7238K, committed 7680K, reserved 1048576K
}
Event: 8036.623 GC heap before
{Heap before GC invocations=684 (full 35):
 garbage-first heap   total 110592K, used 94310K [0x0000000704c00000, 0x0000000800000000)
  region size 2048K, 29 young (59392K), 1 survivors (2048K)
 Metaspace       used 59335K, committed 60160K, reserved 1114112K
  class space    used 7237K, committed 7680K, reserved 1048576K
}
Event: 8036.625 GC heap after
{Heap after GC invocations=685 (full 35):
 garbage-first heap   total 133120K, used 37056K [0x0000000704c00000, 0x0000000800000000)
  region size 2048K, 1 young (2048K), 1 survivors (2048K)
 Metaspace       used 59335K, committed 60160K, reserved 1114112K
  class space    used 7237K, committed 7680K, reserved 1048576K
}
Event: 8044.800 GC heap before
{Heap before GC invocations=685 (full 35):
 garbage-first heap   total 133120K, used 114880K [0x0000000704c00000, 0x0000000800000000)
  region size 2048K, 39 young (79872K), 1 survivors (2048K)
 Metaspace       used 59335K, committed 60160K, reserved 1114112K
  class space    used 7237K, committed 7680K, reserved 1048576K
}
Event: 8044.802 GC heap after
{Heap after GC invocations=686 (full 35):
 garbage-first heap   total 133120K, used 36591K [0x0000000704c00000, 0x0000000800000000)
  region size 2048K, 1 young (2048K), 1 survivors (2048K)
 Metaspace       used 59335K, committed 60160K, reserved 1114112K
  class space    used 7237K, committed 7680K, reserved 1048576K
}
Event: 8052.942 GC heap before
{Heap before GC invocations=686 (full 35):
 garbage-first heap   total 133120K, used 114415K [0x0000000704c00000, 0x0000000800000000)
  region size 2048K, 39 young (79872K), 1 survivors (2048K)
 Metaspace       used 59335K, committed 60160K, reserved 1114112K
  class space    used 7237K, committed 7680K, reserved 1048576K
}
Event: 8052.944 GC heap after
{Heap after GC invocations=687 (full 35):
 garbage-first heap   total 133120K, used 35911K [0x0000000704c00000, 0x0000000800000000)
  region size 2048K, 1 young (2048K), 1 survivors (2048K)
 Metaspace       used 59335K, committed 60160K, reserved 1114112K
  class space    used 7237K, committed 7680K, reserved 1048576K
}
Event: 8060.587 GC heap before
{Heap before GC invocations=687 (full 35):
 garbage-first heap   total 133120K, used 113735K [0x0000000704c00000, 0x0000000800000000)
  region size 2048K, 39 young (79872K), 1 survivors (2048K)
 Metaspace       used 59335K, committed 60160K, reserved 1114112K
  class space    used 7237K, committed 7680K, reserved 1048576K
}
Event: 8060.590 GC heap after
{Heap after GC invocations=688 (full 35):
 garbage-first heap   total 133120K, used 37806K [0x0000000704c00000, 0x0000000800000000)
  region size 2048K, 2 young (4096K), 2 survivors (4096K)
 Metaspace       used 59335K, committed 60160K, reserved 1114112K
  class space    used 7237K, committed 7680K, reserved 1048576K
}
Event: 8068.312 GC heap before
{Heap before GC invocations=688 (full 35):
 garbage-first heap   total 133120K, used 113582K [0x0000000704c00000, 0x0000000800000000)
  region size 2048K, 39 young (79872K), 2 survivors (4096K)
 Metaspace       used 59335K, committed 60160K, reserved 1114112K
  class space    used 7237K, committed 7680K, reserved 1048576K
}
Event: 8068.314 GC heap after
{Heap after GC invocations=689 (full 35):
 garbage-first heap   total 133120K, used 36715K [0x0000000704c00000, 0x0000000800000000)
  region size 2048K, 1 young (2048K), 1 survivors (2048K)
 Metaspace       used 59335K, committed 60160K, reserved 1114112K
  class space    used 7237K, committed 7680K, reserved 1048576K
}
Event: 8075.930 GC heap before
{Heap before GC invocations=689 (full 35):
 garbage-first heap   total 133120K, used 114539K [0x0000000704c00000, 0x0000000800000000)
  region size 2048K, 39 young (79872K), 1 survivors (2048K)
 Metaspace       used 59335K, committed 60160K, reserved 1114112K
  class space    used 7237K, committed 7680K, reserved 1048576K
}
Event: 8075.932 GC heap after
{Heap after GC invocations=690 (full 35):
 garbage-first heap   total 133120K, used 40550K [0x0000000704c00000, 0x0000000800000000)
  region size 2048K, 3 young (6144K), 3 survivors (6144K)
 Metaspace       used 59335K, committed 60160K, reserved 1114112K
  class space    used 7237K, committed 7680K, reserved 1048576K
}
Event: 8076.398 GC heap before
{Heap before GC invocations=690 (full 35):
 garbage-first heap   total 133120K, used 48742K [0x0000000704c00000, 0x0000000800000000)
  region size 2048K, 8 young (16384K), 3 survivors (6144K)
 Metaspace       used 59339K, committed 60160K, reserved 1114112K
  class space    used 7238K, committed 7680K, reserved 1048576K
}
Event: 8076.422 GC heap after
{Heap after GC invocations=691 (full 36):
 garbage-first heap   total 131072K, used 34395K [0x0000000704c00000, 0x0000000800000000)
  region size 2048K, 0 young (0K), 0 survivors (0K)
 Metaspace       used 59339K, committed 60160K, reserved 1114112K
  class space    used 7238K, committed 7680K, reserved 1048576K
}
Event: 8079.767 GC heap before
{Heap before GC invocations=691 (full 36):
 garbage-first heap   total 131072K, used 110171K [0x0000000704c00000, 0x0000000800000000)
  region size 2048K, 38 young (77824K), 0 survivors (0K)
 Metaspace       used 59727K, committed 60480K, reserved 1114112K
  class space    used 7284K, committed 7680K, reserved 1048576K
}
Event: 8079.774 GC heap after
{Heap after GC invocations=692 (full 36):
 garbage-first heap   total 131072K, used 39307K [0x0000000704c00000, 0x0000000800000000)
  region size 2048K, 3 young (6144K), 3 survivors (6144K)
 Metaspace       used 59727K, committed 60480K, reserved 1114112K
  class space    used 7284K, committed 7680K, reserved 1048576K
}
Event: 8090.170 GC heap before
{Heap before GC invocations=692 (full 36):
 garbage-first heap   total 131072K, used 110987K [0x0000000704c00000, 0x0000000800000000)
  region size 2048K, 38 young (77824K), 3 survivors (6144K)
 Metaspace       used 59727K, committed 60480K, reserved 1114112K
  class space    used 7284K, committed 7680K, reserved 1048576K
}
Event: 8090.174 GC heap after
{Heap after GC invocations=693 (full 36):
 garbage-first heap   total 131072K, used 39021K [0x0000000704c00000, 0x0000000800000000)
  region size 2048K, 3 young (6144K), 3 survivors (6144K)
 Metaspace       used 59727K, committed 60480K, reserved 1114112K
  class space    used 7284K, committed 7680K, reserved 1048576K
}
Event: 8100.891 GC heap before
{Heap before GC invocations=693 (full 36):
 garbage-first heap   total 131072K, used 110701K [0x0000000704c00000, 0x0000000800000000)
  region size 2048K, 38 young (77824K), 3 survivors (6144K)
 Metaspace       used 59729K, committed 60480K, reserved 1114112K
  class space    used 7284K, committed 7680K, reserved 1048576K
}

