# JRE version: OpenJDK Runtime Environment Temurin-21.0.4+7 (21.0.4+7) (build 21.0.4+7-LTS)
# Java VM: OpenJDK 64-Bit Server VM Temurin-21.0.4+7 (21.0.4+7-LTS, mixed mode, emulated-client, tiered, compressed oops, compressed class ptrs, g1 gc, windows-amd64)
GC Precious Log:
 CardTable entry size: 512
 Card Set container configuration: InlinePtr #cards 4 size 8 Array Of Cards #cards 16 size 48 Howl #buckets 8 coarsen threshold 3686 Howl Bitmap #cards 512 size 80 coarsen threshold 460 Card regions per heap region 1 cards per card region 4096
 CPUs: 12 total, 12 available
 Memory: 16076M
 Large Page Support: Disabled
 NUMA Support: Disabled
 Compressed Oops: Enabled (Zero based)
 Heap Region Size: 2M
 Heap Min Capacity: 8M
 Heap Initial Capacity: 252M
 Heap Max Capacity: 4020M
 Pre-touch: Disabled
 Parallel Workers: 10
 Concurrent Workers: 3
 Concurrent Refinement Workers: 10
 Periodic GC: Disabled
Heap:
 garbage-first heap   total 116736K, used 99515K [0x0000000704c00000, 0x0000000800000000)
  region size 2048K, 36 young (73728K), 2 survivors (4096K)
 Metaspace       used 73711K, committed 74496K, reserved 1179648K
  class space    used 8615K, committed 8960K, reserved 1048576K
GC Heap History (20 events):
Event: 7434.828 GC heap after
{Heap after GC invocations=465 (full 18):
 garbage-first heap   total 102400K, used 29158K [0x0000000704c00000, 0x0000000800000000)
  region size 2048K, 0 young (0K), 0 survivors (0K)
 Metaspace       used 69712K, committed 70400K, reserved 1114112K
  class space    used 8266K, committed 8576K, reserved 1048576K
}
Event: 7435.129 GC heap before
{Heap before GC invocations=465 (full 18):
 garbage-first heap   total 102400K, used 90598K [0x0000000704c00000, 0x0000000800000000)
  region size 2048K, 30 young (61440K), 0 survivors (0K)
 Metaspace       used 70089K, committed 70784K, reserved 1114112K
  class space    used 8314K, committed 8640K, reserved 1048576K
}
Event: 7435.132 GC heap after
{Heap after GC invocations=466 (full 18):
 garbage-first heap   total 102400K, used 32897K [0x0000000704c00000, 0x0000000800000000)
  region size 2048K, 2 young (4096K), 2 survivors (4096K)
 Metaspace       used 70089K, committed 70784K, reserved 1114112K
  class space    used 8314K, committed 8640K, reserved 1048576K
}
Event: 7442.963 GC heap before
{Heap before GC invocations=466 (full 18):
 garbage-first heap   total 102400K, used 88193K [0x0000000704c00000, 0x0000000800000000)
  region size 2048K, 29 young (59392K), 2 survivors (4096K)
 Metaspace       used 70768K, committed 71424K, reserved 1114112K
  class space    used 8358K, committed 8640K, reserved 1048576K
}
Event: 7442.966 GC heap after
{Heap after GC invocations=467 (full 18):
 garbage-first heap   total 102400K, used 34367K [0x0000000704c00000, 0x0000000800000000)
  region size 2048K, 3 young (6144K), 3 survivors (6144K)
 Metaspace       used 70768K, committed 71424K, reserved 1114112K
  class space    used 8358K, committed 8640K, reserved 1048576K
}
Event: 7445.166 GC heap before
{Heap before GC invocations=467 (full 18):
 garbage-first heap   total 102400K, used 44607K [0x0000000704c00000, 0x0000000800000000)
  region size 2048K, 9 young (18432K), 3 survivors (6144K)
 Metaspace       used 70771K, committed 71424K, reserved 1114112K
  class space    used 8358K, committed 8640K, reserved 1048576K
}
Event: 7445.198 GC heap after
{Heap after GC invocations=468 (full 19):
 garbage-first heap   total 102400K, used 29691K [0x0000000704c00000, 0x0000000800000000)
  region size 2048K, 0 young (0K), 0 survivors (0K)
 Metaspace       used 70769K, committed 71424K, reserved 1114112K
  class space    used 8358K, committed 8640K, reserved 1048576K
}
Event: 7445.498 GC heap before
{Heap before GC invocations=468 (full 19):
 garbage-first heap   total 102400K, used 89083K [0x0000000704c00000, 0x0000000800000000)
  region size 2048K, 29 young (59392K), 0 survivors (0K)
 Metaspace       used 71145K, committed 71808K, reserved 1114112K
  class space    used 8406K, committed 8704K, reserved 1048576K
}
Event: 7445.501 GC heap after
{Heap after GC invocations=469 (full 19):
 garbage-first heap   total 124928K, used 33619K [0x0000000704c00000, 0x0000000800000000)
  region size 2048K, 2 young (4096K), 2 survivors (4096K)
 Metaspace       used 71145K, committed 71808K, reserved 1114112K
  class space    used 8406K, committed 8704K, reserved 1048576K
}
Event: 7453.229 GC heap before
{Heap before GC invocations=469 (full 19):
 garbage-first heap   total 124928K, used 93011K [0x0000000704c00000, 0x0000000800000000)
  region size 2048K, 32 young (65536K), 2 survivors (4096K)
 Metaspace       used 71830K, committed 72512K, reserved 1114112K
  class space    used 8450K, committed 8768K, reserved 1048576K
}
Event: 7453.262 GC heap after
{Heap after GC invocations=470 (full 20):
 garbage-first heap   total 116736K, used 30259K [0x0000000704c00000, 0x0000000800000000)
  region size 2048K, 0 young (0K), 0 survivors (0K)
 Metaspace       used 71828K, committed 72512K, reserved 1114112K
  class space    used 8449K, committed 8768K, reserved 1048576K
}
Event: 7453.634 GC heap before
{Heap before GC invocations=470 (full 20):
 garbage-first heap   total 116736K, used 99891K [0x0000000704c00000, 0x0000000800000000)
  region size 2048K, 34 young (69632K), 0 survivors (0K)
 Metaspace       used 72653K, committed 73344K, reserved 1114112K
  class space    used 8526K, committed 8832K, reserved 1048576K
}
Event: 7453.637 GC heap after
{Heap after GC invocations=471 (full 20):
 garbage-first heap   total 116736K, used 34573K [0x0000000704c00000, 0x0000000800000000)
  region size 2048K, 3 young (6144K), 3 survivors (6144K)
 Metaspace       used 72653K, committed 73344K, reserved 1114112K
  class space    used 8526K, committed 8832K, reserved 1048576K
}
Event: 7466.054 GC heap before
{Heap before GC invocations=471 (full 20):
 garbage-first heap   total 116736K, used 96013K [0x0000000704c00000, 0x0000000800000000)
  region size 2048K, 33 young (67584K), 3 survivors (6144K)
 Metaspace       used 72891K, committed 73600K, reserved 1114112K
  class space    used 8543K, committed 8832K, reserved 1048576K
}
Event: 7466.058 GC heap after
{Heap after GC invocations=472 (full 20):
 garbage-first heap   total 116736K, used 34523K [0x0000000704c00000, 0x0000000800000000)
  region size 2048K, 3 young (6144K), 3 survivors (6144K)
 Metaspace       used 72891K, committed 73600K, reserved 1114112K
  class space    used 8543K, committed 8832K, reserved 1048576K
}
Event: 7482.303 GC heap before
{Heap before GC invocations=472 (full 20):
 garbage-first heap   total 116736K, used 95963K [0x0000000704c00000, 0x0000000800000000)
  region size 2048K, 33 young (67584K), 3 survivors (6144K)
 Metaspace       used 72893K, committed 73600K, reserved 1114112K
  class space    used 8544K, committed 8832K, reserved 1048576K
}
Event: 7482.307 GC heap after
{Heap after GC invocations=473 (full 20):
 garbage-first heap   total 116736K, used 37094K [0x0000000704c00000, 0x0000000800000000)
  region size 2048K, 4 young (8192K), 4 survivors (8192K)
 Metaspace       used 72893K, committed 73600K, reserved 1114112K
  class space    used 8544K, committed 8832K, reserved 1048576K
}
Event: 7482.344 GC heap before
{Heap before GC invocations=473 (full 20):
 garbage-first heap   total 116736K, used 37094K [0x0000000704c00000, 0x0000000800000000)
  region size 2048K, 5 young (10240K), 4 survivors (8192K)
 Metaspace       used 72896K, committed 73600K, reserved 1114112K
  class space    used 8544K, committed 8832K, reserved 1048576K
}
Event: 7482.375 GC heap after
{Heap after GC invocations=474 (full 21):
 garbage-first heap   total 116736K, used 29883K [0x0000000704c00000, 0x0000000800000000)
  region size 2048K, 0 young (0K), 0 survivors (0K)
 Metaspace       used 72893K, committed 73600K, reserved 1114112K
  class space    used 8544K, committed 8832K, reserved 1048576K
}
Event: 8497.851 GC heap before
{Heap before GC invocations=474 (full 21):
 garbage-first heap   total 116736K, used 99515K [0x0000000704c00000, 0x0000000800000000)
  region size 2048K, 34 young (69632K), 0 survivors (0K)
 Metaspace       used 73711K, committed 74496K, reserved 1179648K
  class space    used 8615K, committed 8960K, reserved 1048576K
}

