# JRE version: OpenJDK Runtime Environment (16.0.2+7) (build 16.0.2+7-67)
# Java VM: OpenJDK 64-Bit Server VM (16.0.2+7-67, mixed mode, tiered, compressed oops, compressed class ptrs, g1 gc, windows-amd64)
GC Precious Log:
 CPUs: 8 total, 8 available
 Memory: 7879M
 Large Page Support: Disabled
 NUMA Support: Disabled
 Compressed Oops: Enabled (32-bit)
 Heap Region Size: 1M
 Heap Min Capacity: 8M
 Heap Initial Capacity: 124M
 Heap Max Capacity: 1970M
 Pre-touch: Disabled
 Parallel Workers: 8
 Concurrent Workers: 2
 Concurrent Refinement Workers: 8
 Periodic GC: Disabled
Heap:
 garbage-first heap   total 86016K, used 62147K [0x0000000084e00000, 0x0000000100000000)
  region size 1024K, 34 young (34816K), 3 survivors (3072K)
 Metaspace       used 60260K, committed 60992K, reserved 1105920K
  class space    used 7377K, committed 7680K, reserved 1048576K
GC Heap History (20 events):
Event: 6513.543 GC heap before
{Heap before GC invocations=657 (full 13):
 garbage-first heap   total 86016K, used 67281K [0x0000000084e00000, 0x0000000100000000)
  region size 1024K, 40 young (40960K), 0 survivors (0K)
 Metaspace       used 59942K, committed 60672K, reserved 1105920K
  class space    used 7357K, committed 7680K, reserved 1048576K
}
Event: 6513.546 GC heap after
{Heap after GC invocations=658 (full 13):
 garbage-first heap   total 86016K, used 29170K [0x0000000084e00000, 0x0000000100000000)
  region size 1024K, 3 young (3072K), 3 survivors (3072K)
 Metaspace       used 59942K, committed 60672K, reserved 1105920K
  class space    used 7357K, committed 7680K, reserved 1048576K
}
Event: 6514.001 GC heap before
{Heap before GC invocations=658 (full 13):
 garbage-first heap   total 86016K, used 66034K [0x0000000084e00000, 0x0000000100000000)
  region size 1024K, 40 young (40960K), 3 survivors (3072K)
 Metaspace       used 60196K, committed 60928K, reserved 1105920K
  class space    used 7376K, committed 7680K, reserved 1048576K
}
Event: 6514.004 GC heap after
{Heap after GC invocations=659 (full 13):
 garbage-first heap   total 86016K, used 30567K [0x0000000084e00000, 0x0000000100000000)
  region size 1024K, 2 young (2048K), 2 survivors (2048K)
 Metaspace       used 60196K, committed 60928K, reserved 1105920K
  class space    used 7376K, committed 7680K, reserved 1048576K
}
Event: 6523.811 GC heap before
{Heap before GC invocations=659 (full 13):
 garbage-first heap   total 86016K, used 67431K [0x0000000084e00000, 0x0000000100000000)
  region size 1024K, 38 young (38912K), 2 survivors (2048K)
 Metaspace       used 60196K, committed 60928K, reserved 1105920K
  class space    used 7376K, committed 7680K, reserved 1048576K
}
Event: 6523.813 GC heap after
{Heap after GC invocations=660 (full 13):
 garbage-first heap   total 86016K, used 31197K [0x0000000084e00000, 0x0000000100000000)
  region size 1024K, 3 young (3072K), 3 survivors (3072K)
 Metaspace       used 60196K, committed 60928K, reserved 1105920K
  class space    used 7376K, committed 7680K, reserved 1048576K
}
Event: 6536.494 GC heap before
{Heap before GC invocations=660 (full 13):
 garbage-first heap   total 86016K, used 68061K [0x0000000084e00000, 0x0000000100000000)
  region size 1024K, 39 young (39936K), 3 survivors (3072K)
 Metaspace       used 60196K, committed 60928K, reserved 1105920K
  class space    used 7376K, committed 7680K, reserved 1048576K
}
Event: 6536.497 GC heap after
{Heap after GC invocations=661 (full 13):
 garbage-first heap   total 86016K, used 30551K [0x0000000084e00000, 0x0000000100000000)
  region size 1024K, 2 young (2048K), 2 survivors (2048K)
 Metaspace       used 60196K, committed 60928K, reserved 1105920K
  class space    used 7376K, committed 7680K, reserved 1048576K
}
Event: 6549.872 GC heap before
{Heap before GC invocations=661 (full 13):
 garbage-first heap   total 86016K, used 68439K [0x0000000084e00000, 0x0000000100000000)
  region size 1024K, 39 young (39936K), 2 survivors (2048K)
 Metaspace       used 60196K, committed 60928K, reserved 1105920K
  class space    used 7376K, committed 7680K, reserved 1048576K
}
Event: 6549.876 GC heap after
{Heap after GC invocations=662 (full 13):
 garbage-first heap   total 86016K, used 31391K [0x0000000084e00000, 0x0000000100000000)
  region size 1024K, 3 young (3072K), 3 survivors (3072K)
 Metaspace       used 60196K, committed 60928K, reserved 1105920K
  class space    used 7376K, committed 7680K, reserved 1048576K
}
Event: 6562.664 GC heap before
{Heap before GC invocations=662 (full 13):
 garbage-first heap   total 86016K, used 69279K [0x0000000084e00000, 0x0000000100000000)
  region size 1024K, 40 young (40960K), 3 survivors (3072K)
 Metaspace       used 60196K, committed 60928K, reserved 1105920K
  class space    used 7376K, committed 7680K, reserved 1048576K
}
Event: 6562.668 GC heap after
{Heap after GC invocations=663 (full 13):
 garbage-first heap   total 86016K, used 31435K [0x0000000084e00000, 0x0000000100000000)
  region size 1024K, 3 young (3072K), 3 survivors (3072K)
 Metaspace       used 60196K, committed 60928K, reserved 1105920K
  class space    used 7376K, committed 7680K, reserved 1048576K
}
Event: 6575.063 GC heap before
{Heap before GC invocations=663 (full 13):
 garbage-first heap   total 86016K, used 69323K [0x0000000084e00000, 0x0000000100000000)
  region size 1024K, 40 young (40960K), 3 survivors (3072K)
 Metaspace       used 60196K, committed 60928K, reserved 1105920K
  class space    used 7376K, committed 7680K, reserved 1048576K
}
Event: 6575.066 GC heap after
{Heap after GC invocations=664 (full 13):
 garbage-first heap   total 86016K, used 31355K [0x0000000084e00000, 0x0000000100000000)
  region size 1024K, 3 young (3072K), 3 survivors (3072K)
 Metaspace       used 60196K, committed 60928K, reserved 1105920K
  class space    used 7376K, committed 7680K, reserved 1048576K
}
Event: 6588.132 GC heap before
{Heap before GC invocations=664 (full 13):
 garbage-first heap   total 86016K, used 69243K [0x0000000084e00000, 0x0000000100000000)
  region size 1024K, 40 young (40960K), 3 survivors (3072K)
 Metaspace       used 60196K, committed 60928K, reserved 1105920K
  class space    used 7376K, committed 7680K, reserved 1048576K
}
Event: 6588.135 GC heap after
{Heap after GC invocations=665 (full 13):
 garbage-first heap   total 86016K, used 31233K [0x0000000084e00000, 0x0000000100000000)
  region size 1024K, 3 young (3072K), 3 survivors (3072K)
 Metaspace       used 60196K, committed 60928K, reserved 1105920K
  class space    used 7376K, committed 7680K, reserved 1048576K
}
Event: 6601.204 GC heap before
{Heap before GC invocations=665 (full 13):
 garbage-first heap   total 86016K, used 69121K [0x0000000084e00000, 0x0000000100000000)
  region size 1024K, 40 young (40960K), 3 survivors (3072K)
 Metaspace       used 60196K, committed 60928K, reserved 1105920K
  class space    used 7376K, committed 7680K, reserved 1048576K
}
Event: 6601.206 GC heap after
{Heap after GC invocations=666 (full 13):
 garbage-first heap   total 86016K, used 30891K [0x0000000084e00000, 0x0000000100000000)
  region size 1024K, 2 young (2048K), 2 survivors (2048K)
 Metaspace       used 60196K, committed 60928K, reserved 1105920K
  class space    used 7376K, committed 7680K, reserved 1048576K
}
Event: 6614.817 GC heap before
{Heap before GC invocations=666 (full 13):
 garbage-first heap   total 86016K, used 70827K [0x0000000084e00000, 0x0000000100000000)
  region size 1024K, 41 young (41984K), 2 survivors (2048K)
 Metaspace       used 60196K, committed 60928K, reserved 1105920K
  class space    used 7376K, committed 7680K, reserved 1048576K
}
Event: 6614.821 GC heap after
{Heap after GC invocations=667 (full 13):
 garbage-first heap   total 86016K, used 31427K [0x0000000084e00000, 0x0000000100000000)
  region size 1024K, 3 young (3072K), 3 survivors (3072K)
 Metaspace       used 60196K, committed 60928K, reserved 1105920K
  class space    used 7376K, committed 7680K, reserved 1048576K
}

