# JRE version: OpenJDK Runtime Environment Temurin-21.0.4+7 (21.0.4+7) (build 21.0.4+7-LTS)
# Java VM: OpenJDK 64-Bit Server VM Temurin-21.0.4+7 (21.0.4+7-LTS, mixed mode, emulated-client, tiered, compressed oops, compressed class ptrs, g1 gc, windows-amd64)
GC Precious Log:
 CardTable entry size: 512
 Card Set container configuration: InlinePtr #cards 4 size 8 Array Of Cards #cards 16 size 48 Howl #buckets 8 coarsen threshold 3686 Howl Bitmap #cards 512 size 80 coarsen threshold 460 Card regions per heap region 1 cards per card region 4096
 CPUs: 12 total, 12 available
 Memory: 16076M
 Large Page Support: Disabled
 NUMA Support: Disabled
 Compressed Oops: Enabled (Zero based)
 Heap Region Size: 2M
 Heap Min Capacity: 8M
 Heap Initial Capacity: 252M
 Heap Max Capacity: 4020M
 Pre-touch: Disabled
 Parallel Workers: 10
 Concurrent Workers: 3
 Concurrent Refinement Workers: 10
 Periodic GC: Disabled
Heap:
 garbage-first heap   total 151552K, used 136360K [0x0000000704c00000, 0x0000000800000000)
  region size 2048K, 43 young (88064K), 4 survivors (8192K)
 Metaspace       used 76283K, committed 77120K, reserved 1179648K
  class space    used 8692K, committed 9088K, reserved 1048576K
GC Heap History (20 events):
Event: 1432.870 GC heap after
{Heap after GC invocations=175 (full 13):
 garbage-first heap   total 151552K, used 52545K [0x0000000704c00000, 0x0000000800000000)
  region size 2048K, 1 young (2048K), 1 survivors (2048K)
 Metaspace       used 75382K, committed 76160K, reserved 1179648K
  class space    used 8613K, committed 8960K, reserved 1048576K
}
Event: 1437.553 GC heap before
{Heap before GC invocations=176 (full 13):
 garbage-first heap   total 151552K, used 138561K [0x0000000704c00000, 0x0000000800000000)
  region size 2048K, 43 young (88064K), 1 survivors (2048K)
 Metaspace       used 75382K, committed 76160K, reserved 1179648K
  class space    used 8613K, committed 8960K, reserved 1048576K
}
Event: 1437.556 GC heap after
{Heap after GC invocations=177 (full 13):
 garbage-first heap   total 151552K, used 54105K [0x0000000704c00000, 0x0000000800000000)
  region size 2048K, 2 young (4096K), 2 survivors (4096K)
 Metaspace       used 75382K, committed 76160K, reserved 1179648K
  class space    used 8613K, committed 8960K, reserved 1048576K
}
Event: 1442.201 GC heap before
{Heap before GC invocations=177 (full 13):
 garbage-first heap   total 151552K, used 136025K [0x0000000704c00000, 0x0000000800000000)
  region size 2048K, 42 young (86016K), 2 survivors (4096K)
 Metaspace       used 75382K, committed 76160K, reserved 1179648K
  class space    used 8613K, committed 8960K, reserved 1048576K
}
Event: 1442.203 GC heap after
{Heap after GC invocations=178 (full 13):
 garbage-first heap   total 151552K, used 52357K [0x0000000704c00000, 0x0000000800000000)
  region size 2048K, 2 young (4096K), 2 survivors (4096K)
 Metaspace       used 75382K, committed 76160K, reserved 1179648K
  class space    used 8613K, committed 8960K, reserved 1048576K
}
Event: 1446.944 GC heap before
{Heap before GC invocations=178 (full 13):
 garbage-first heap   total 151552K, used 134277K [0x0000000704c00000, 0x0000000800000000)
  region size 2048K, 42 young (86016K), 2 survivors (4096K)
 Metaspace       used 75382K, committed 76160K, reserved 1179648K
  class space    used 8613K, committed 8960K, reserved 1048576K
}
Event: 1446.946 GC heap after
{Heap after GC invocations=179 (full 13):
 garbage-first heap   total 151552K, used 50661K [0x0000000704c00000, 0x0000000800000000)
  region size 2048K, 1 young (2048K), 1 survivors (2048K)
 Metaspace       used 75382K, committed 76160K, reserved 1179648K
  class space    used 8613K, committed 8960K, reserved 1048576K
}
Event: 1451.170 GC heap before
{Heap before GC invocations=180 (full 13):
 garbage-first heap   total 151552K, used 136677K [0x0000000704c00000, 0x0000000800000000)
  region size 2048K, 43 young (88064K), 1 survivors (2048K)
 Metaspace       used 75384K, committed 76160K, reserved 1179648K
  class space    used 8613K, committed 8960K, reserved 1048576K
}
Event: 1451.175 GC heap after
{Heap after GC invocations=181 (full 13):
 garbage-first heap   total 151552K, used 60006K [0x0000000704c00000, 0x0000000800000000)
  region size 2048K, 6 young (12288K), 6 survivors (12288K)
 Metaspace       used 75384K, committed 76160K, reserved 1179648K
  class space    used 8613K, committed 8960K, reserved 1048576K
}
Event: 1451.688 GC heap before
{Heap before GC invocations=181 (full 13):
 garbage-first heap   total 151552K, used 125542K [0x0000000704c00000, 0x0000000800000000)
  region size 2048K, 38 young (77824K), 6 survivors (12288K)
 Metaspace       used 75738K, committed 76544K, reserved 1179648K
  class space    used 8659K, committed 9024K, reserved 1048576K
}
Event: 1451.693 GC heap after
{Heap after GC invocations=182 (full 13):
 garbage-first heap   total 151552K, used 59553K [0x0000000704c00000, 0x0000000800000000)
  region size 2048K, 3 young (6144K), 3 survivors (6144K)
 Metaspace       used 75738K, committed 76544K, reserved 1179648K
  class space    used 8659K, committed 9024K, reserved 1048576K
}
Event: 1454.893 GC heap before
{Heap before GC invocations=182 (full 13):
 garbage-first heap   total 151552K, used 133281K [0x0000000704c00000, 0x0000000800000000)
  region size 2048K, 39 young (79872K), 3 survivors (6144K)
 Metaspace       used 76281K, committed 77120K, reserved 1179648K
  class space    used 8692K, committed 9088K, reserved 1048576K
}
Event: 1454.898 GC heap after
{Heap after GC invocations=183 (full 13):
 garbage-first heap   total 151552K, used 62725K [0x0000000704c00000, 0x0000000800000000)
  region size 2048K, 5 young (10240K), 5 survivors (10240K)
 Metaspace       used 76281K, committed 77120K, reserved 1179648K
  class space    used 8692K, committed 9088K, reserved 1048576K
}
Event: 1458.731 GC heap before
{Heap before GC invocations=184 (full 13):
 garbage-first heap   total 151552K, used 128261K [0x0000000704c00000, 0x0000000800000000)
  region size 2048K, 37 young (75776K), 5 survivors (10240K)
 Metaspace       used 76281K, committed 77120K, reserved 1179648K
  class space    used 8692K, committed 9088K, reserved 1048576K
}
Event: 1458.739 GC heap after
{Heap after GC invocations=185 (full 13):
 garbage-first heap   total 151552K, used 59316K [0x0000000704c00000, 0x0000000800000000)
  region size 2048K, 1 young (2048K), 1 survivors (2048K)
 Metaspace       used 76281K, committed 77120K, reserved 1179648K
  class space    used 8692K, committed 9088K, reserved 1048576K
}
Event: 1462.936 GC heap before
{Heap before GC invocations=185 (full 13):
 garbage-first heap   total 151552K, used 135092K [0x0000000704c00000, 0x0000000800000000)
  region size 2048K, 38 young (77824K), 1 survivors (2048K)
 Metaspace       used 76281K, committed 77120K, reserved 1179648K
  class space    used 8692K, committed 9088K, reserved 1048576K
}
Event: 1462.938 GC heap after
{Heap after GC invocations=186 (full 13):
 garbage-first heap   total 151552K, used 57608K [0x0000000704c00000, 0x0000000800000000)
  region size 2048K, 2 young (4096K), 2 survivors (4096K)
 Metaspace       used 76281K, committed 77120K, reserved 1179648K
  class space    used 8692K, committed 9088K, reserved 1048576K
}
Event: 1467.406 GC heap before
{Heap before GC invocations=186 (full 13):
 garbage-first heap   total 151552K, used 131336K [0x0000000704c00000, 0x0000000800000000)
  region size 2048K, 39 young (79872K), 2 survivors (4096K)
 Metaspace       used 76281K, committed 77120K, reserved 1179648K
  class space    used 8692K, committed 9088K, reserved 1048576K
}
Event: 1467.410 GC heap after
{Heap after GC invocations=187 (full 13):
 garbage-first heap   total 151552K, used 56488K [0x0000000704c00000, 0x0000000800000000)
  region size 2048K, 1 young (2048K), 1 survivors (2048K)
 Metaspace       used 76281K, committed 77120K, reserved 1179648K
  class space    used 8692K, committed 9088K, reserved 1048576K
}
Event: 1471.305 GC heap before
{Heap before GC invocations=188 (full 13):
 garbage-first heap   total 151552K, used 136360K [0x0000000704c00000, 0x0000000800000000)
  region size 2048K, 40 young (81920K), 1 survivors (2048K)
 Metaspace       used 76283K, committed 77120K, reserved 1179648K
  class space    used 8692K, committed 9088K, reserved 1048576K
}

