# JRE version: OpenJDK Runtime Environment (16.0.2+7) (build 16.0.2+7-67)
# Java VM: OpenJDK 64-Bit Server VM (16.0.2+7-67, mixed mode, tiered, compressed oops, compressed class ptrs, g1 gc, windows-amd64)
GC Precious Log:
 CPUs: 8 total, 8 available
 Memory: 7879M
 Large Page Support: Disabled
 NUMA Support: Disabled
 Compressed Oops: Enabled (32-bit)
 Heap Region Size: 1M
 Heap Min Capacity: 8M
 Heap Initial Capacity: 124M
 Heap Max Capacity: 1970M
 Pre-touch: Disabled
 Parallel Workers: 8
 Concurrent Workers: 2
 Concurrent Refinement Workers: 8
 Periodic GC: Disabled
Heap:
 garbage-first heap   total 270336K, used 203444K [0x0000000084e00000, 0x0000000100000000)
  region size 1024K, 68 young (69632K), 10 survivors (10240K)
 Metaspace       used 57077K, committed 58816K, reserved 1105920K
  class space    used 7132K, committed 7808K, reserved 1048576K
GC Heap History (20 events):
Event: 61036.030 GC heap before
{Heap before GC invocations=1633 (full 18):
 garbage-first heap   total 270336K, used 229718K [0x0000000084e00000, 0x0000000100000000)
  region size 1024K, 17 young (17408K), 3 survivors (3072K)
 Metaspace       used 57075K, committed 58816K, reserved 1105920K
  class space    used 7132K, committed 7808K, reserved 1048576K
}
Event: 61036.036 GC heap after
{Heap after GC invocations=1634 (full 18):
 garbage-first heap   total 270336K, used 220158K [0x0000000084e00000, 0x0000000100000000)
  region size 1024K, 3 young (3072K), 3 survivors (3072K)
 Metaspace       used 57075K, committed 58816K, reserved 1105920K
  class space    used 7132K, committed 7808K, reserved 1048576K
}
Event: 61036.451 GC heap before
{Heap before GC invocations=1634 (full 18):
 garbage-first heap   total 270336K, used 232446K [0x0000000084e00000, 0x0000000100000000)
  region size 1024K, 15 young (15360K), 3 survivors (3072K)
 Metaspace       used 57075K, committed 58816K, reserved 1105920K
  class space    used 7132K, committed 7808K, reserved 1048576K
}
Event: 61036.456 GC heap after
{Heap after GC invocations=1635 (full 18):
 garbage-first heap   total 270336K, used 223345K [0x0000000084e00000, 0x0000000100000000)
  region size 1024K, 2 young (2048K), 2 survivors (2048K)
 Metaspace       used 57075K, committed 58816K, reserved 1105920K
  class space    used 7132K, committed 7808K, reserved 1048576K
}
Event: 61036.823 GC heap before
{Heap before GC invocations=1635 (full 18):
 garbage-first heap   total 270336K, used 234609K [0x0000000084e00000, 0x0000000100000000)
  region size 1024K, 13 young (13312K), 2 survivors (2048K)
 Metaspace       used 57075K, committed 58816K, reserved 1105920K
  class space    used 7132K, committed 7808K, reserved 1048576K
}
Event: 61036.828 GC heap after
{Heap after GC invocations=1636 (full 18):
 garbage-first heap   total 270336K, used 226122K [0x0000000084e00000, 0x0000000100000000)
  region size 1024K, 2 young (2048K), 2 survivors (2048K)
 Metaspace       used 57075K, committed 58816K, reserved 1105920K
  class space    used 7132K, committed 7808K, reserved 1048576K
}
Event: 61037.263 GC heap before
{Heap before GC invocations=1637 (full 18):
 garbage-first heap   total 270336K, used 159562K [0x0000000084e00000, 0x0000000100000000)
  region size 1024K, 13 young (13312K), 2 survivors (2048K)
 Metaspace       used 57075K, committed 58816K, reserved 1105920K
  class space    used 7132K, committed 7808K, reserved 1048576K
}
Event: 61037.267 GC heap after
{Heap after GC invocations=1638 (full 18):
 garbage-first heap   total 270336K, used 151275K [0x0000000084e00000, 0x0000000100000000)
  region size 1024K, 2 young (2048K), 2 survivors (2048K)
 Metaspace       used 57075K, committed 58816K, reserved 1105920K
  class space    used 7132K, committed 7808K, reserved 1048576K
}
Event: 61037.645 GC heap before
{Heap before GC invocations=1638 (full 18):
 garbage-first heap   total 270336K, used 162539K [0x0000000084e00000, 0x0000000100000000)
  region size 1024K, 13 young (13312K), 2 survivors (2048K)
 Metaspace       used 57075K, committed 58816K, reserved 1105920K
  class space    used 7132K, committed 7808K, reserved 1048576K
}
Event: 61037.651 GC heap after
{Heap after GC invocations=1639 (full 18):
 garbage-first heap   total 270336K, used 127956K [0x0000000084e00000, 0x0000000100000000)
  region size 1024K, 2 young (2048K), 2 survivors (2048K)
 Metaspace       used 57075K, committed 58816K, reserved 1105920K
  class space    used 7132K, committed 7808K, reserved 1048576K
}
Event: 61038.146 GC heap before
{Heap before GC invocations=1639 (full 18):
 garbage-first heap   total 270336K, used 139220K [0x0000000084e00000, 0x0000000100000000)
  region size 1024K, 13 young (13312K), 2 survivors (2048K)
 Metaspace       used 57075K, committed 58816K, reserved 1105920K
  class space    used 7132K, committed 7808K, reserved 1048576K
}
Event: 61038.156 GC heap after
{Heap after GC invocations=1640 (full 18):
 garbage-first heap   total 270336K, used 110572K [0x0000000084e00000, 0x0000000100000000)
  region size 1024K, 2 young (2048K), 2 survivors (2048K)
 Metaspace       used 57075K, committed 58816K, reserved 1105920K
  class space    used 7132K, committed 7808K, reserved 1048576K
}
Event: 61038.724 GC heap before
{Heap before GC invocations=1640 (full 18):
 garbage-first heap   total 270336K, used 121836K [0x0000000084e00000, 0x0000000100000000)
  region size 1024K, 13 young (13312K), 2 survivors (2048K)
 Metaspace       used 57075K, committed 58816K, reserved 1105920K
  class space    used 7132K, committed 7808K, reserved 1048576K
}
Event: 61038.737 GC heap after
{Heap after GC invocations=1641 (full 18):
 garbage-first heap   total 270336K, used 100141K [0x0000000084e00000, 0x0000000100000000)
  region size 1024K, 2 young (2048K), 2 survivors (2048K)
 Metaspace       used 57075K, committed 58816K, reserved 1105920K
  class space    used 7132K, committed 7808K, reserved 1048576K
}
Event: 61043.450 GC heap before
{Heap before GC invocations=1641 (full 18):
 garbage-first heap   total 270336K, used 188205K [0x0000000084e00000, 0x0000000100000000)
  region size 1024K, 88 young (90112K), 2 survivors (2048K)
 Metaspace       used 57075K, committed 58816K, reserved 1105920K
  class space    used 7132K, committed 7808K, reserved 1048576K
}
Event: 61043.470 GC heap after
{Heap after GC invocations=1642 (full 18):
 garbage-first heap   total 270336K, used 120831K [0x0000000084e00000, 0x0000000100000000)
  region size 1024K, 11 young (11264K), 11 survivors (11264K)
 Metaspace       used 57075K, committed 58816K, reserved 1105920K
  class space    used 7132K, committed 7808K, reserved 1048576K
}
Event: 61047.538 GC heap before
{Heap before GC invocations=1642 (full 18):
 garbage-first heap   total 270336K, used 196607K [0x0000000084e00000, 0x0000000100000000)
  region size 1024K, 85 young (87040K), 11 survivors (11264K)
 Metaspace       used 57075K, committed 58816K, reserved 1105920K
  class space    used 7132K, committed 7808K, reserved 1048576K
}
Event: 61047.555 GC heap after
{Heap after GC invocations=1643 (full 18):
 garbage-first heap   total 270336K, used 137037K [0x0000000084e00000, 0x0000000100000000)
  region size 1024K, 11 young (11264K), 11 survivors (11264K)
 Metaspace       used 57075K, committed 58816K, reserved 1105920K
  class space    used 7132K, committed 7808K, reserved 1048576K
}
Event: 61050.315 GC heap before
{Heap before GC invocations=1643 (full 18):
 garbage-first heap   total 270336K, used 202573K [0x0000000084e00000, 0x0000000100000000)
  region size 1024K, 75 young (76800K), 11 survivors (11264K)
 Metaspace       used 57075K, committed 58816K, reserved 1105920K
  class space    used 7132K, committed 7808K, reserved 1048576K
}
Event: 61050.328 GC heap after
{Heap after GC invocations=1644 (full 18):
 garbage-first heap   total 270336K, used 145076K [0x0000000084e00000, 0x0000000100000000)
  region size 1024K, 10 young (10240K), 10 survivors (10240K)
 Metaspace       used 57075K, committed 58816K, reserved 1105920K
  class space    used 7132K, committed 7808K, reserved 1048576K
}

