# JRE version: OpenJDK Runtime Environment Temurin-21.0.4+7 (21.0.4+7) (build 21.0.4+7-LTS)
# Java VM: OpenJDK 64-Bit Server VM Temurin-21.0.4+7 (21.0.4+7-LTS, mixed mode, emulated-client, tiered, compressed oops, compressed class ptrs, g1 gc, windows-amd64)
GC Precious Log:
 CardTable entry size: 512
 Card Set container configuration: InlinePtr #cards 4 size 8 Array Of Cards #cards 16 size 48 Howl #buckets 8 coarsen threshold 3686 Howl Bitmap #cards 512 size 80 coarsen threshold 460 Card regions per heap region 1 cards per card region 4096
 CPUs: 12 total, 12 available
 Memory: 16076M
 Large Page Support: Disabled
 NUMA Support: Disabled
 Compressed Oops: Enabled (Zero based)
 Heap Region Size: 2M
 Heap Min Capacity: 8M
 Heap Initial Capacity: 252M
 Heap Max Capacity: 4020M
 Pre-touch: Disabled
 Parallel Workers: 10
 Concurrent Workers: 3
 Concurrent Refinement Workers: 10
 Periodic GC: Disabled
Heap:
 garbage-first heap   total 157696K, used 131514K [0x0000000704c00000, 0x0000000800000000)
  region size 2048K, 45 young (92160K), 4 survivors (8192K)
 Metaspace       used 100720K, committed 101824K, reserved 1179648K
  class space    used 11346K, committed 11904K, reserved 1048576K
GC Heap History (20 events):
Event: 113589.290 GC heap after
{Heap after GC invocations=3610 (full 33):
 garbage-first heap   total 225280K, used 42547K [0x0000000704c00000, 0x0000000800000000)
  region size 2048K, 1 young (2048K), 1 survivors (2048K)
 Metaspace       used 99966K, committed 101056K, reserved 1179648K
  class space    used 11235K, committed 11776K, reserved 1048576K
}
Event: 113596.914 GC heap before
{Heap before GC invocations=3610 (full 33):
 garbage-first heap   total 225280K, used 175667K [0x0000000704c00000, 0x0000000800000000)
  region size 2048K, 66 young (135168K), 1 survivors (2048K)
 Metaspace       used 99966K, committed 101056K, reserved 1179648K
  class space    used 11235K, committed 11776K, reserved 1048576K
}
Event: 113596.916 GC heap after
{Heap after GC invocations=3611 (full 33):
 garbage-first heap   total 225280K, used 44280K [0x0000000704c00000, 0x0000000800000000)
  region size 2048K, 2 young (4096K), 2 survivors (4096K)
 Metaspace       used 99966K, committed 101056K, reserved 1179648K
  class space    used 11235K, committed 11776K, reserved 1048576K
}
Event: 113604.049 GC heap before
{Heap before GC invocations=3611 (full 33):
 garbage-first heap   total 225280K, used 175352K [0x0000000704c00000, 0x0000000800000000)
  region size 2048K, 66 young (135168K), 2 survivors (4096K)
 Metaspace       used 99966K, committed 101056K, reserved 1179648K
  class space    used 11235K, committed 11776K, reserved 1048576K
}
Event: 113604.052 GC heap after
{Heap after GC invocations=3612 (full 33):
 garbage-first heap   total 225280K, used 45840K [0x0000000704c00000, 0x0000000800000000)
  region size 2048K, 3 young (6144K), 3 survivors (6144K)
 Metaspace       used 99966K, committed 101056K, reserved 1179648K
  class space    used 11235K, committed 11776K, reserved 1048576K
}
Event: 113611.122 GC heap before
{Heap before GC invocations=3612 (full 33):
 garbage-first heap   total 225280K, used 174864K [0x0000000704c00000, 0x0000000800000000)
  region size 2048K, 66 young (135168K), 3 survivors (6144K)
 Metaspace       used 99966K, committed 101056K, reserved 1179648K
  class space    used 11235K, committed 11776K, reserved 1048576K
}
Event: 113611.124 GC heap after
{Heap after GC invocations=3613 (full 33):
 garbage-first heap   total 225280K, used 43335K [0x0000000704c00000, 0x0000000800000000)
  region size 2048K, 1 young (2048K), 1 survivors (2048K)
 Metaspace       used 99966K, committed 101056K, reserved 1179648K
  class space    used 11235K, committed 11776K, reserved 1048576K
}
Event: 113618.781 GC heap before
{Heap before GC invocations=3613 (full 33):
 garbage-first heap   total 225280K, used 176455K [0x0000000704c00000, 0x0000000800000000)
  region size 2048K, 66 young (135168K), 1 survivors (2048K)
 Metaspace       used 99966K, committed 101056K, reserved 1179648K
  class space    used 11235K, committed 11776K, reserved 1048576K
}
Event: 113618.783 GC heap after
{Heap after GC invocations=3614 (full 33):
 garbage-first heap   total 225280K, used 43437K [0x0000000704c00000, 0x0000000800000000)
  region size 2048K, 1 young (2048K), 1 survivors (2048K)
 Metaspace       used 99966K, committed 101056K, reserved 1179648K
  class space    used 11235K, committed 11776K, reserved 1048576K
}
Event: 113626.302 GC heap before
{Heap before GC invocations=3614 (full 33):
 garbage-first heap   total 225280K, used 176557K [0x0000000704c00000, 0x0000000800000000)
  region size 2048K, 66 young (135168K), 1 survivors (2048K)
 Metaspace       used 99966K, committed 101056K, reserved 1179648K
  class space    used 11235K, committed 11776K, reserved 1048576K
}
Event: 113626.305 GC heap after
{Heap after GC invocations=3615 (full 33):
 garbage-first heap   total 225280K, used 45168K [0x0000000704c00000, 0x0000000800000000)
  region size 2048K, 2 young (4096K), 2 survivors (4096K)
 Metaspace       used 99966K, committed 101056K, reserved 1179648K
  class space    used 11235K, committed 11776K, reserved 1048576K
}
Event: 113633.146 GC heap before
{Heap before GC invocations=3615 (full 33):
 garbage-first heap   total 225280K, used 176240K [0x0000000704c00000, 0x0000000800000000)
  region size 2048K, 66 young (135168K), 2 survivors (4096K)
 Metaspace       used 99966K, committed 101056K, reserved 1179648K
  class space    used 11235K, committed 11776K, reserved 1048576K
}
Event: 113633.151 GC heap after
{Heap after GC invocations=3616 (full 33):
 garbage-first heap   total 225280K, used 50857K [0x0000000704c00000, 0x0000000800000000)
  region size 2048K, 5 young (10240K), 5 survivors (10240K)
 Metaspace       used 99966K, committed 101056K, reserved 1179648K
  class space    used 11235K, committed 11776K, reserved 1048576K
}
Event: 113633.196 GC heap before
{Heap before GC invocations=3616 (full 33):
 garbage-first heap   total 225280K, used 52905K [0x0000000704c00000, 0x0000000800000000)
  region size 2048K, 7 young (14336K), 5 survivors (10240K)
 Metaspace       used 99984K, committed 101056K, reserved 1179648K
  class space    used 11238K, committed 11776K, reserved 1048576K
}
Event: 113633.218 GC heap after
{Heap after GC invocations=3617 (full 34):
 garbage-first heap   total 157696K, used 39460K [0x0000000704c00000, 0x0000000800000000)
  region size 2048K, 0 young (0K), 0 survivors (0K)
 Metaspace       used 99979K, committed 101056K, reserved 1179648K
  class space    used 11236K, committed 11776K, reserved 1048576K
}
Event: 113634.010 GC heap before
{Heap before GC invocations=3617 (full 34):
 garbage-first heap   total 157696K, used 115236K [0x0000000704c00000, 0x0000000800000000)
  region size 2048K, 38 young (77824K), 0 survivors (0K)
 Metaspace       used 100510K, committed 101632K, reserved 1179648K
  class space    used 11327K, committed 11904K, reserved 1048576K
}
Event: 113634.015 GC heap after
{Heap after GC invocations=3618 (full 34):
 garbage-first heap   total 157696K, used 45852K [0x0000000704c00000, 0x0000000800000000)
  region size 2048K, 4 young (8192K), 4 survivors (8192K)
 Metaspace       used 100510K, committed 101632K, reserved 1179648K
  class space    used 11327K, committed 11904K, reserved 1048576K
}
Event: 113639.389 GC heap before
{Heap before GC invocations=3619 (full 34):
 garbage-first heap   total 157696K, used 129820K [0x0000000704c00000, 0x0000000800000000)
  region size 2048K, 45 young (92160K), 4 survivors (8192K)
 Metaspace       used 100713K, committed 101824K, reserved 1179648K
  class space    used 11346K, committed 11904K, reserved 1048576K
}
Event: 113639.394 GC heap after
{Heap after GC invocations=3620 (full 34):
 garbage-first heap   total 157696K, used 47546K [0x0000000704c00000, 0x0000000800000000)
  region size 2048K, 4 young (8192K), 4 survivors (8192K)
 Metaspace       used 100713K, committed 101824K, reserved 1179648K
  class space    used 11346K, committed 11904K, reserved 1048576K
}
Event: 113644.828 GC heap before
{Heap before GC invocations=3620 (full 34):
 garbage-first heap   total 157696K, used 129466K [0x0000000704c00000, 0x0000000800000000)
  region size 2048K, 45 young (92160K), 4 survivors (8192K)
 Metaspace       used 100720K, committed 101824K, reserved 1179648K
  class space    used 11346K, committed 11904K, reserved 1048576K
}

