# JRE version: OpenJDK Runtime Environment Temurin-21.0.4+7 (21.0.4+7) (build 21.0.4+7-LTS)
# Java VM: OpenJDK 64-Bit Server VM Temurin-21.0.4+7 (21.0.4+7-LTS, mixed mode, emulated-client, tiered, compressed oops, compressed class ptrs, g1 gc, windows-amd64)
GC Precious Log:
 CardTable entry size: 512
 Card Set container configuration: InlinePtr #cards 4 size 8 Array Of Cards #cards 16 size 48 Howl #buckets 8 coarsen threshold 3686 Howl Bitmap #cards 512 size 80 coarsen threshold 460 Card regions per heap region 1 cards per card region 4096
 CPUs: 12 total, 12 available
 Memory: 16076M
 Large Page Support: Disabled
 NUMA Support: Disabled
 Compressed Oops: Enabled (Zero based)
 Heap Region Size: 2M
 Heap Min Capacity: 8M
 Heap Initial Capacity: 252M
 Heap Max Capacity: 4020M
 Pre-touch: Disabled
 Parallel Workers: 10
 Concurrent Workers: 3
 Concurrent Refinement Workers: 10
 Periodic GC: Disabled
Heap:
 garbage-first heap   total 122880K, used 103306K [0x0000000704c00000, 0x0000000800000000)
  region size 2048K, 34 young (69632K), 3 survivors (6144K)
 Metaspace       used 66529K, committed 67328K, reserved 1114112K
  class space    used 7889K, committed 8256K, reserved 1048576K
GC Heap History (20 events):
Event: 2370.570 GC heap after
{Heap after GC invocations=212 (full 7):
 garbage-first heap   total 96256K, used 34338K [0x0000000704c00000, 0x0000000800000000)
  region size 2048K, 2 young (4096K), 2 survivors (4096K)
 Metaspace       used 63067K, committed 63744K, reserved 1114112K
  class space    used 7565K, committed 7872K, reserved 1048576K
}
Event: 2375.186 GC heap before
{Heap before GC invocations=213 (full 7):
 garbage-first heap   total 96256K, used 81442K [0x0000000704c00000, 0x0000000800000000)
  region size 2048K, 25 young (51200K), 2 survivors (4096K)
 Metaspace       used 63699K, committed 64448K, reserved 1114112K
  class space    used 7610K, committed 7936K, reserved 1048576K
}
Event: 2375.190 GC heap after
{Heap after GC invocations=214 (full 7):
 garbage-first heap   total 229376K, used 35424K [0x0000000704c00000, 0x0000000800000000)
  region size 2048K, 3 young (6144K), 3 survivors (6144K)
 Metaspace       used 63699K, committed 64448K, reserved 1114112K
  class space    used 7610K, committed 7936K, reserved 1048576K
}
Event: 2384.373 GC heap before
{Heap before GC invocations=214 (full 7):
 garbage-first heap   total 229376K, used 70240K [0x0000000704c00000, 0x0000000800000000)
  region size 2048K, 21 young (43008K), 3 survivors (6144K)
 Metaspace       used 63710K, committed 64448K, reserved 1114112K
  class space    used 7611K, committed 7936K, reserved 1048576K
}
Event: 2384.399 GC heap after
{Heap after GC invocations=215 (full 8):
 garbage-first heap   total 131072K, used 31120K [0x0000000704c00000, 0x0000000800000000)
  region size 2048K, 0 young (0K), 0 survivors (0K)
 Metaspace       used 63696K, committed 64448K, reserved 1114112K
  class space    used 7608K, committed 7936K, reserved 1048576K
}
Event: 2384.975 GC heap before
{Heap before GC invocations=215 (full 8):
 garbage-first heap   total 131072K, used 104848K [0x0000000704c00000, 0x0000000800000000)
  region size 2048K, 36 young (73728K), 0 survivors (0K)
 Metaspace       used 64656K, committed 65472K, reserved 1114112K
  class space    used 7697K, committed 8064K, reserved 1048576K
}
Event: 2384.979 GC heap after
{Heap after GC invocations=216 (full 8):
 garbage-first heap   total 131072K, used 35984K [0x0000000704c00000, 0x0000000800000000)
  region size 2048K, 3 young (6144K), 3 survivors (6144K)
 Metaspace       used 64656K, committed 65472K, reserved 1114112K
  class space    used 7697K, committed 8064K, reserved 1048576K
}
Event: 2402.482 GC heap before
{Heap before GC invocations=217 (full 8):
 garbage-first heap   total 131072K, used 105616K [0x0000000704c00000, 0x0000000800000000)
  region size 2048K, 37 young (75776K), 3 survivors (6144K)
 Metaspace       used 64656K, committed 65472K, reserved 1114112K
  class space    used 7697K, committed 8064K, reserved 1048576K
}
Event: 2402.484 GC heap after
{Heap after GC invocations=218 (full 8):
 garbage-first heap   total 131072K, used 36019K [0x0000000704c00000, 0x0000000800000000)
  region size 2048K, 3 young (6144K), 3 survivors (6144K)
 Metaspace       used 64656K, committed 65472K, reserved 1114112K
  class space    used 7697K, committed 8064K, reserved 1048576K
}
Event: 2404.194 GC heap before
{Heap before GC invocations=218 (full 8):
 garbage-first heap   total 131072K, used 44211K [0x0000000704c00000, 0x0000000800000000)
  region size 2048K, 8 young (16384K), 3 survivors (6144K)
 Metaspace       used 64669K, committed 65472K, reserved 1114112K
  class space    used 7699K, committed 8064K, reserved 1048576K
}
Event: 2404.225 GC heap after
{Heap after GC invocations=219 (full 9):
 garbage-first heap   total 122880K, used 31624K [0x0000000704c00000, 0x0000000800000000)
  region size 2048K, 0 young (0K), 0 survivors (0K)
 Metaspace       used 64666K, committed 65472K, reserved 1114112K
  class space    used 7698K, committed 8064K, reserved 1048576K
}
Event: 2405.383 GC heap before
{Heap before GC invocations=219 (full 9):
 garbage-first heap   total 122880K, used 101256K [0x0000000704c00000, 0x0000000800000000)
  region size 2048K, 35 young (71680K), 0 survivors (0K)
 Metaspace       used 65726K, committed 66432K, reserved 1114112K
  class space    used 7815K, committed 8128K, reserved 1048576K
}
Event: 2405.387 GC heap after
{Heap after GC invocations=220 (full 9):
 garbage-first heap   total 122880K, used 35485K [0x0000000704c00000, 0x0000000800000000)
  region size 2048K, 2 young (4096K), 2 survivors (4096K)
 Metaspace       used 65726K, committed 66432K, reserved 1114112K
  class space    used 7815K, committed 8128K, reserved 1048576K
}
Event: 2425.149 GC heap before
{Heap before GC invocations=221 (full 9):
 garbage-first heap   total 122880K, used 105117K [0x0000000704c00000, 0x0000000800000000)
  region size 2048K, 36 young (73728K), 2 survivors (4096K)
 Metaspace       used 65736K, committed 66496K, reserved 1114112K
  class space    used 7817K, committed 8192K, reserved 1048576K
}
Event: 2425.152 GC heap after
{Heap after GC invocations=222 (full 9):
 garbage-first heap   total 122880K, used 35378K [0x0000000704c00000, 0x0000000800000000)
  region size 2048K, 2 young (4096K), 2 survivors (4096K)
 Metaspace       used 65736K, committed 66496K, reserved 1114112K
  class space    used 7817K, committed 8192K, reserved 1048576K
}
Event: 2443.711 GC heap before
{Heap before GC invocations=222 (full 9):
 garbage-first heap   total 122880K, used 105010K [0x0000000704c00000, 0x0000000800000000)
  region size 2048K, 36 young (73728K), 2 survivors (4096K)
 Metaspace       used 65739K, committed 66496K, reserved 1114112K
  class space    used 7818K, committed 8192K, reserved 1048576K
}
Event: 2443.714 GC heap after
{Heap after GC invocations=223 (full 9):
 garbage-first heap   total 122880K, used 36423K [0x0000000704c00000, 0x0000000800000000)
  region size 2048K, 3 young (6144K), 3 survivors (6144K)
 Metaspace       used 65739K, committed 66496K, reserved 1114112K
  class space    used 7818K, committed 8192K, reserved 1048576K
}
Event: 2445.493 GC heap before
{Heap before GC invocations=223 (full 9):
 garbage-first heap   total 122880K, used 104007K [0x0000000704c00000, 0x0000000800000000)
  region size 2048K, 36 young (73728K), 3 survivors (6144K)
 Metaspace       used 66509K, committed 67264K, reserved 1114112K
  class space    used 7889K, committed 8256K, reserved 1048576K
}
Event: 2445.499 GC heap after
{Heap after GC invocations=224 (full 9):
 garbage-first heap   total 122880K, used 39818K [0x0000000704c00000, 0x0000000800000000)
  region size 2048K, 4 young (8192K), 4 survivors (8192K)
 Metaspace       used 66509K, committed 67264K, reserved 1114112K
  class space    used 7889K, committed 8256K, reserved 1048576K
}
Event: 2462.439 GC heap before
{Heap before GC invocations=225 (full 9):
 garbage-first heap   total 122880K, used 103306K [0x0000000704c00000, 0x0000000800000000)
  region size 2048K, 35 young (71680K), 4 survivors (8192K)
 Metaspace       used 66529K, committed 67328K, reserved 1114112K
  class space    used 7889K, committed 8256K, reserved 1048576K
}

