# JRE version: OpenJDK Runtime Environment Temurin-21.0.4+7 (21.0.4+7) (build 21.0.4+7-LTS)
# Java VM: OpenJDK 64-Bit Server VM Temurin-21.0.4+7 (21.0.4+7-LTS, mixed mode, emulated-client, tiered, compressed oops, compressed class ptrs, g1 gc, windows-amd64)
GC Precious Log:
 CardTable entry size: 512
 Card Set container configuration: InlinePtr #cards 4 size 8 Array Of Cards #cards 16 size 48 Howl #buckets 8 coarsen threshold 3686 Howl Bitmap #cards 512 size 80 coarsen threshold 460 Card regions per heap region 1 cards per card region 4096
 CPUs: 12 total, 12 available
 Memory: 16076M
 Large Page Support: Disabled
 NUMA Support: Disabled
 Compressed Oops: Enabled (Zero based)
 Heap Region Size: 2M
 Heap Min Capacity: 8M
 Heap Initial Capacity: 252M
 Heap Max Capacity: 4020M
 Pre-touch: Disabled
 Parallel Workers: 10
 Concurrent Workers: 3
 Concurrent Refinement Workers: 10
 Periodic GC: Disabled
Heap:
 garbage-first heap   total 151552K, used 127216K [0x0000000704c00000, 0x0000000800000000)
  region size 2048K, 44 young (90112K), 5 survivors (10240K)
 Metaspace       used 57248K, committed 57856K, reserved 1114112K
  class space    used 7032K, committed 7296K, reserved 1048576K
GC Heap History (20 events):
Event: 3643.173 GC heap after
{Heap after GC invocations=314 (full 1):
 garbage-first heap   total 200704K, used 36370K [0x0000000704c00000, 0x0000000800000000)
  region size 2048K, 1 young (2048K), 1 survivors (2048K)
 Metaspace       used 56647K, committed 57408K, reserved 1114112K
  class space    used 6935K, committed 7232K, reserved 1048576K
}
Event: 3652.594 GC heap before
{Heap before GC invocations=314 (full 1):
 garbage-first heap   total 200704K, used 153106K [0x0000000704c00000, 0x0000000800000000)
  region size 2048K, 58 young (118784K), 1 survivors (2048K)
 Metaspace       used 56647K, committed 57408K, reserved 1114112K
  class space    used 6935K, committed 7232K, reserved 1048576K
}
Event: 3652.595 GC heap after
{Heap after GC invocations=315 (full 1):
 garbage-first heap   total 200704K, used 34565K [0x0000000704c00000, 0x0000000800000000)
  region size 2048K, 1 young (2048K), 1 survivors (2048K)
 Metaspace       used 56647K, committed 57408K, reserved 1114112K
  class space    used 6935K, committed 7232K, reserved 1048576K
}
Event: 3661.626 GC heap before
{Heap before GC invocations=315 (full 1):
 garbage-first heap   total 200704K, used 151301K [0x0000000704c00000, 0x0000000800000000)
  region size 2048K, 58 young (118784K), 1 survivors (2048K)
 Metaspace       used 56647K, committed 57408K, reserved 1114112K
  class space    used 6935K, committed 7232K, reserved 1048576K
}
Event: 3661.627 GC heap after
{Heap after GC invocations=316 (full 1):
 garbage-first heap   total 200704K, used 35831K [0x0000000704c00000, 0x0000000800000000)
  region size 2048K, 1 young (2048K), 1 survivors (2048K)
 Metaspace       used 56647K, committed 57408K, reserved 1114112K
  class space    used 6935K, committed 7232K, reserved 1048576K
}
Event: 3670.979 GC heap before
{Heap before GC invocations=316 (full 1):
 garbage-first heap   total 200704K, used 152567K [0x0000000704c00000, 0x0000000800000000)
  region size 2048K, 58 young (118784K), 1 survivors (2048K)
 Metaspace       used 56647K, committed 57408K, reserved 1114112K
  class space    used 6935K, committed 7232K, reserved 1048576K
}
Event: 3670.984 GC heap after
{Heap after GC invocations=317 (full 1):
 garbage-first heap   total 200704K, used 36496K [0x0000000704c00000, 0x0000000800000000)
  region size 2048K, 2 young (4096K), 2 survivors (4096K)
 Metaspace       used 56647K, committed 57408K, reserved 1114112K
  class space    used 6935K, committed 7232K, reserved 1048576K
}
Event: 3680.001 GC heap before
{Heap before GC invocations=317 (full 1):
 garbage-first heap   total 200704K, used 151184K [0x0000000704c00000, 0x0000000800000000)
  region size 2048K, 58 young (118784K), 2 survivors (4096K)
 Metaspace       used 56647K, committed 57408K, reserved 1114112K
  class space    used 6935K, committed 7232K, reserved 1048576K
}
Event: 3680.003 GC heap after
{Heap after GC invocations=318 (full 1):
 garbage-first heap   total 200704K, used 37634K [0x0000000704c00000, 0x0000000800000000)
  region size 2048K, 2 young (4096K), 2 survivors (4096K)
 Metaspace       used 56647K, committed 57408K, reserved 1114112K
  class space    used 6935K, committed 7232K, reserved 1048576K
}
Event: 3689.424 GC heap before
{Heap before GC invocations=318 (full 1):
 garbage-first heap   total 200704K, used 152322K [0x0000000704c00000, 0x0000000800000000)
  region size 2048K, 58 young (118784K), 2 survivors (4096K)
 Metaspace       used 56647K, committed 57408K, reserved 1114112K
  class space    used 6935K, committed 7232K, reserved 1048576K
}
Event: 3689.426 GC heap after
{Heap after GC invocations=319 (full 1):
 garbage-first heap   total 200704K, used 34945K [0x0000000704c00000, 0x0000000800000000)
  region size 2048K, 1 young (2048K), 1 survivors (2048K)
 Metaspace       used 56647K, committed 57408K, reserved 1114112K
  class space    used 6935K, committed 7232K, reserved 1048576K
}
Event: 3698.060 GC heap before
{Heap before GC invocations=319 (full 1):
 garbage-first heap   total 200704K, used 151681K [0x0000000704c00000, 0x0000000800000000)
  region size 2048K, 58 young (118784K), 1 survivors (2048K)
 Metaspace       used 56649K, committed 57408K, reserved 1114112K
  class space    used 6936K, committed 7232K, reserved 1048576K
}
Event: 3698.062 GC heap after
{Heap after GC invocations=320 (full 1):
 garbage-first heap   total 200704K, used 40254K [0x0000000704c00000, 0x0000000800000000)
  region size 2048K, 3 young (6144K), 3 survivors (6144K)
 Metaspace       used 56649K, committed 57408K, reserved 1114112K
  class space    used 6936K, committed 7232K, reserved 1048576K
}
Event: 3698.912 GC heap before
{Heap before GC invocations=320 (full 1):
 garbage-first heap   total 200704K, used 89406K [0x0000000704c00000, 0x0000000800000000)
  region size 2048K, 28 young (57344K), 3 survivors (6144K)
 Metaspace       used 56931K, committed 57472K, reserved 1114112K
  class space    used 6993K, committed 7232K, reserved 1048576K
}
Event: 3698.915 GC heap after
{Heap after GC invocations=321 (full 1):
 garbage-first heap   total 200704K, used 41739K [0x0000000704c00000, 0x0000000800000000)
  region size 2048K, 4 young (8192K), 4 survivors (8192K)
 Metaspace       used 56931K, committed 57472K, reserved 1114112K
  class space    used 6993K, committed 7232K, reserved 1048576K
}
Event: 3703.005 GC heap before
{Heap before GC invocations=322 (full 1):
 garbage-first heap   total 151552K, used 123659K [0x0000000704c00000, 0x0000000800000000)
  region size 2048K, 44 young (90112K), 4 survivors (8192K)
 Metaspace       used 57245K, committed 57856K, reserved 1114112K
  class space    used 7031K, committed 7296K, reserved 1048576K
}
Event: 3703.010 GC heap after
{Heap after GC invocations=323 (full 1):
 garbage-first heap   total 151552K, used 46418K [0x0000000704c00000, 0x0000000800000000)
  region size 2048K, 6 young (12288K), 6 survivors (12288K)
 Metaspace       used 57245K, committed 57856K, reserved 1114112K
  class space    used 7031K, committed 7296K, reserved 1048576K
}
Event: 3709.149 GC heap before
{Heap before GC invocations=323 (full 1):
 garbage-first heap   total 151552K, used 124242K [0x0000000704c00000, 0x0000000800000000)
  region size 2048K, 44 young (90112K), 6 survivors (12288K)
 Metaspace       used 57245K, committed 57856K, reserved 1114112K
  class space    used 7031K, committed 7296K, reserved 1048576K
}
Event: 3709.153 GC heap after
{Heap after GC invocations=324 (full 1):
 garbage-first heap   total 151552K, used 47344K [0x0000000704c00000, 0x0000000800000000)
  region size 2048K, 3 young (6144K), 3 survivors (6144K)
 Metaspace       used 57245K, committed 57856K, reserved 1114112K
  class space    used 7031K, committed 7296K, reserved 1048576K
}
Event: 3715.128 GC heap before
{Heap before GC invocations=324 (full 1):
 garbage-first heap   total 151552K, used 127216K [0x0000000704c00000, 0x0000000800000000)
  region size 2048K, 42 young (86016K), 3 survivors (6144K)
 Metaspace       used 57248K, committed 57856K, reserved 1114112K
  class space    used 7032K, committed 7296K, reserved 1048576K
}

