# JRE version: OpenJDK Runtime Environment Temurin-21.0.4+7 (21.0.4+7) (build 21.0.4+7-LTS)
# Java VM: OpenJDK 64-Bit Server VM Temurin-21.0.4+7 (21.0.4+7-LTS, mixed mode, emulated-client, tiered, compressed oops, compressed class ptrs, g1 gc, windows-amd64)
GC Precious Log:
 CardTable entry size: 512
 Card Set container configuration: InlinePtr #cards 4 size 8 Array Of Cards #cards 16 size 48 Howl #buckets 8 coarsen threshold 3686 Howl Bitmap #cards 512 size 80 coarsen threshold 460 Card regions per heap region 1 cards per card region 4096
 CPUs: 12 total, 12 available
 Memory: 16076M
 Large Page Support: Disabled
 NUMA Support: Disabled
 Compressed Oops: Enabled (Zero based)
 Heap Region Size: 2M
 Heap Min Capacity: 8M
 Heap Initial Capacity: 252M
 Heap Max Capacity: 4020M
 Pre-touch: Disabled
 Parallel Workers: 10
 Concurrent Workers: 3
 Concurrent Refinement Workers: 10
 Periodic GC: Disabled
Heap:
 garbage-first heap   total 110592K, used 90995K [0x0000000704c00000, 0x0000000800000000)
  region size 2048K, 28 young (57344K), 2 survivors (4096K)
 Metaspace       used 63218K, committed 63808K, reserved 1114112K
  class space    used 7938K, committed 8256K, reserved 1048576K
GC Heap History (20 events):
Event: 499.101 GC heap after
{Heap after GC invocations=57 (full 1):
 garbage-first heap   total 110592K, used 32277K [0x0000000704c00000, 0x0000000800000000)
  region size 2048K, 1 young (2048K), 1 survivors (2048K)
 Metaspace       used 62505K, committed 63040K, reserved 1114112K
  class space    used 7852K, committed 8128K, reserved 1048576K
}
Event: 516.218 GC heap before
{Heap before GC invocations=57 (full 1):
 garbage-first heap   total 110592K, used 93717K [0x0000000704c00000, 0x0000000800000000)
  region size 2048K, 31 young (63488K), 1 survivors (2048K)
 Metaspace       used 62505K, committed 63040K, reserved 1114112K
  class space    used 7852K, committed 8128K, reserved 1048576K
}
Event: 516.221 GC heap after
{Heap after GC invocations=58 (full 1):
 garbage-first heap   total 110592K, used 31998K [0x0000000704c00000, 0x0000000800000000)
  region size 2048K, 1 young (2048K), 1 survivors (2048K)
 Metaspace       used 62505K, committed 63040K, reserved 1114112K
  class space    used 7852K, committed 8128K, reserved 1048576K
}
Event: 532.701 GC heap before
{Heap before GC invocations=59 (full 1):
 garbage-first heap   total 110592K, used 93438K [0x0000000704c00000, 0x0000000800000000)
  region size 2048K, 31 young (63488K), 1 survivors (2048K)
 Metaspace       used 62505K, committed 63040K, reserved 1114112K
  class space    used 7852K, committed 8128K, reserved 1048576K
}
Event: 532.703 GC heap after
{Heap after GC invocations=60 (full 1):
 garbage-first heap   total 110592K, used 32994K [0x0000000704c00000, 0x0000000800000000)
  region size 2048K, 1 young (2048K), 1 survivors (2048K)
 Metaspace       used 62505K, committed 63040K, reserved 1114112K
  class space    used 7852K, committed 8128K, reserved 1048576K
}
Event: 549.331 GC heap before
{Heap before GC invocations=60 (full 1):
 garbage-first heap   total 110592K, used 94434K [0x0000000704c00000, 0x0000000800000000)
  region size 2048K, 31 young (63488K), 1 survivors (2048K)
 Metaspace       used 62505K, committed 63040K, reserved 1114112K
  class space    used 7852K, committed 8128K, reserved 1048576K
}
Event: 549.333 GC heap after
{Heap after GC invocations=61 (full 1):
 garbage-first heap   total 110592K, used 33075K [0x0000000704c00000, 0x0000000800000000)
  region size 2048K, 1 young (2048K), 1 survivors (2048K)
 Metaspace       used 62505K, committed 63040K, reserved 1114112K
  class space    used 7852K, committed 8128K, reserved 1048576K
}
Event: 566.903 GC heap before
{Heap before GC invocations=61 (full 1):
 garbage-first heap   total 110592K, used 96563K [0x0000000704c00000, 0x0000000800000000)
  region size 2048K, 32 young (65536K), 1 survivors (2048K)
 Metaspace       used 62505K, committed 63040K, reserved 1114112K
  class space    used 7852K, committed 8128K, reserved 1048576K
}
Event: 566.907 GC heap after
{Heap after GC invocations=62 (full 1):
 garbage-first heap   total 110592K, used 33006K [0x0000000704c00000, 0x0000000800000000)
  region size 2048K, 1 young (2048K), 1 survivors (2048K)
 Metaspace       used 62505K, committed 63040K, reserved 1114112K
  class space    used 7852K, committed 8128K, reserved 1048576K
}
Event: 584.622 GC heap before
{Heap before GC invocations=63 (full 1):
 garbage-first heap   total 110592K, used 96494K [0x0000000704c00000, 0x0000000800000000)
  region size 2048K, 32 young (65536K), 1 survivors (2048K)
 Metaspace       used 62369K, committed 63040K, reserved 1114112K
  class space    used 7817K, committed 8128K, reserved 1048576K
}
Event: 584.624 GC heap after
{Heap after GC invocations=64 (full 1):
 garbage-first heap   total 110592K, used 32263K [0x0000000704c00000, 0x0000000800000000)
  region size 2048K, 1 young (2048K), 1 survivors (2048K)
 Metaspace       used 62369K, committed 63040K, reserved 1114112K
  class space    used 7817K, committed 8128K, reserved 1048576K
}
Event: 601.828 GC heap before
{Heap before GC invocations=64 (full 1):
 garbage-first heap   total 110592K, used 95751K [0x0000000704c00000, 0x0000000800000000)
  region size 2048K, 32 young (65536K), 1 survivors (2048K)
 Metaspace       used 62380K, committed 63040K, reserved 1114112K
  class space    used 7819K, committed 8128K, reserved 1048576K
}
Event: 601.832 GC heap after
{Heap after GC invocations=65 (full 1):
 garbage-first heap   total 110592K, used 32726K [0x0000000704c00000, 0x0000000800000000)
  region size 2048K, 1 young (2048K), 1 survivors (2048K)
 Metaspace       used 62380K, committed 63040K, reserved 1114112K
  class space    used 7819K, committed 8128K, reserved 1048576K
}
Event: 619.115 GC heap before
{Heap before GC invocations=65 (full 1):
 garbage-first heap   total 110592K, used 96214K [0x0000000704c00000, 0x0000000800000000)
  region size 2048K, 32 young (65536K), 1 survivors (2048K)
 Metaspace       used 62380K, committed 63040K, reserved 1114112K
  class space    used 7819K, committed 8128K, reserved 1048576K
}
Event: 619.117 GC heap after
{Heap after GC invocations=66 (full 1):
 garbage-first heap   total 110592K, used 32873K [0x0000000704c00000, 0x0000000800000000)
  region size 2048K, 1 young (2048K), 1 survivors (2048K)
 Metaspace       used 62380K, committed 63040K, reserved 1114112K
  class space    used 7819K, committed 8128K, reserved 1048576K
}
Event: 634.979 GC heap before
{Heap before GC invocations=67 (full 1):
 garbage-first heap   total 110592K, used 96361K [0x0000000704c00000, 0x0000000800000000)
  region size 2048K, 32 young (65536K), 1 survivors (2048K)
 Metaspace       used 62433K, committed 63040K, reserved 1114112K
  class space    used 7833K, committed 8128K, reserved 1048576K
}
Event: 634.983 GC heap after
{Heap after GC invocations=68 (full 1):
 garbage-first heap   total 110592K, used 33625K [0x0000000704c00000, 0x0000000800000000)
  region size 2048K, 2 young (4096K), 2 survivors (4096K)
 Metaspace       used 62433K, committed 63040K, reserved 1114112K
  class space    used 7833K, committed 8128K, reserved 1048576K
}
Event: 635.733 GC heap before
{Heap before GC invocations=68 (full 1):
 garbage-first heap   total 110592K, used 93017K [0x0000000704c00000, 0x0000000800000000)
  region size 2048K, 31 young (63488K), 2 survivors (4096K)
 Metaspace       used 62957K, committed 63552K, reserved 1114112K
  class space    used 7914K, committed 8192K, reserved 1048576K
}
Event: 635.740 GC heap after
{Heap after GC invocations=69 (full 1):
 garbage-first heap   total 110592K, used 37747K [0x0000000704c00000, 0x0000000800000000)
  region size 2048K, 4 young (8192K), 4 survivors (8192K)
 Metaspace       used 62957K, committed 63552K, reserved 1114112K
  class space    used 7914K, committed 8192K, reserved 1048576K
}
Event: 647.448 GC heap before
{Heap before GC invocations=69 (full 1):
 garbage-first heap   total 110592K, used 90995K [0x0000000704c00000, 0x0000000800000000)
  region size 2048K, 30 young (61440K), 4 survivors (8192K)
 Metaspace       used 63218K, committed 63808K, reserved 1114112K
  class space    used 7938K, committed 8256K, reserved 1048576K
}

