# JRE version: OpenJDK Runtime Environment Temurin-21.0.4+7 (21.0.4+7) (build 21.0.4+7-LTS)
# Java VM: OpenJDK 64-Bit Server VM Temurin-21.0.4+7 (21.0.4+7-LTS, mixed mode, emulated-client, tiered, compressed oops, compressed class ptrs, g1 gc, windows-amd64)
GC Precious Log:
 CardTable entry size: 512
 Card Set container configuration: InlinePtr #cards 4 size 8 Array Of Cards #cards 16 size 48 Howl #buckets 8 coarsen threshold 3686 Howl Bitmap #cards 512 size 80 coarsen threshold 460 Card regions per heap region 1 cards per card region 4096
 CPUs: 12 total, 12 available
 Memory: 16076M
 Large Page Support: Disabled
 NUMA Support: Disabled
 Compressed Oops: Enabled (Zero based)
 Heap Region Size: 2M
 Heap Min Capacity: 8M
 Heap Initial Capacity: 252M
 Heap Max Capacity: 4020M
 Pre-touch: Disabled
 Parallel Workers: 10
 Concurrent Workers: 3
 Concurrent Refinement Workers: 10
 Periodic GC: Disabled
Heap:
 garbage-first heap   total 198656K, used 178682K [0x0000000704c00000, 0x0000000800000000)
  region size 2048K, 63 young (129024K), 6 survivors (12288K)
 Metaspace       used 84644K, committed 85824K, reserved 1179648K
  class space    used 10079K, committed 10624K, reserved 1048576K
GC Heap History (20 events):
Event: 14150.655 GC heap after
{Heap after GC invocations=1576 (full 17):
 garbage-first heap   total 198656K, used 70908K [0x0000000704c00000, 0x0000000800000000)
  region size 2048K, 4 young (8192K), 4 survivors (8192K)
 Metaspace       used 84636K, committed 85824K, reserved 1179648K
  class space    used 10077K, committed 10624K, reserved 1048576K
}
Event: 14155.698 GC heap before
{Heap before GC invocations=1576 (full 17):
 garbage-first heap   total 198656K, used 173308K [0x0000000704c00000, 0x0000000800000000)
  region size 2048K, 54 young (110592K), 4 survivors (8192K)
 Metaspace       used 84644K, committed 85824K, reserved 1179648K
  class space    used 10079K, committed 10624K, reserved 1048576K
}
Event: 14155.708 GC heap after
{Heap after GC invocations=1577 (full 17):
 garbage-first heap   total 198656K, used 66170K [0x0000000704c00000, 0x0000000800000000)
  region size 2048K, 5 young (10240K), 5 survivors (10240K)
 Metaspace       used 84644K, committed 85824K, reserved 1179648K
  class space    used 10079K, committed 10624K, reserved 1048576K
}
Event: 14160.407 GC heap before
{Heap before GC invocations=1577 (full 17):
 garbage-first heap   total 198656K, used 172666K [0x0000000704c00000, 0x0000000800000000)
  region size 2048K, 57 young (116736K), 5 survivors (10240K)
 Metaspace       used 84644K, committed 85824K, reserved 1179648K
  class space    used 10079K, committed 10624K, reserved 1048576K
}
Event: 14160.410 GC heap after
{Heap after GC invocations=1578 (full 17):
 garbage-first heap   total 198656K, used 62469K [0x0000000704c00000, 0x0000000800000000)
  region size 2048K, 3 young (6144K), 3 survivors (6144K)
 Metaspace       used 84644K, committed 85824K, reserved 1179648K
  class space    used 10079K, committed 10624K, reserved 1048576K
}
Event: 14164.765 GC heap before
{Heap before GC invocations=1578 (full 17):
 garbage-first heap   total 198656K, used 175109K [0x0000000704c00000, 0x0000000800000000)
  region size 2048K, 58 young (118784K), 3 survivors (6144K)
 Metaspace       used 84644K, committed 85824K, reserved 1179648K
  class space    used 10079K, committed 10624K, reserved 1048576K
}
Event: 14164.768 GC heap after
{Heap after GC invocations=1579 (full 17):
 garbage-first heap   total 198656K, used 62792K [0x0000000704c00000, 0x0000000800000000)
  region size 2048K, 3 young (6144K), 3 survivors (6144K)
 Metaspace       used 84644K, committed 85824K, reserved 1179648K
  class space    used 10079K, committed 10624K, reserved 1048576K
}
Event: 14169.644 GC heap before
{Heap before GC invocations=1579 (full 17):
 garbage-first heap   total 198656K, used 175432K [0x0000000704c00000, 0x0000000800000000)
  region size 2048K, 58 young (118784K), 3 survivors (6144K)
 Metaspace       used 84644K, committed 85824K, reserved 1179648K
  class space    used 10079K, committed 10624K, reserved 1048576K
}
Event: 14169.651 GC heap after
{Heap after GC invocations=1580 (full 17):
 garbage-first heap   total 198656K, used 68289K [0x0000000704c00000, 0x0000000800000000)
  region size 2048K, 6 young (12288K), 6 survivors (12288K)
 Metaspace       used 84644K, committed 85824K, reserved 1179648K
  class space    used 10079K, committed 10624K, reserved 1048576K
}
Event: 14174.132 GC heap before
{Heap before GC invocations=1580 (full 17):
 garbage-first heap   total 198656K, used 170689K [0x0000000704c00000, 0x0000000800000000)
  region size 2048K, 56 young (114688K), 6 survivors (12288K)
 Metaspace       used 84644K, committed 85824K, reserved 1179648K
  class space    used 10079K, committed 10624K, reserved 1048576K
}
Event: 14174.134 GC heap after
{Heap after GC invocations=1581 (full 17):
 garbage-first heap   total 198656K, used 64448K [0x0000000704c00000, 0x0000000800000000)
  region size 2048K, 3 young (6144K), 3 survivors (6144K)
 Metaspace       used 84644K, committed 85824K, reserved 1179648K
  class space    used 10079K, committed 10624K, reserved 1048576K
}
Event: 14178.953 GC heap before
{Heap before GC invocations=1581 (full 17):
 garbage-first heap   total 198656K, used 177088K [0x0000000704c00000, 0x0000000800000000)
  region size 2048K, 58 young (118784K), 3 survivors (6144K)
 Metaspace       used 84644K, committed 85824K, reserved 1179648K
  class space    used 10079K, committed 10624K, reserved 1048576K
}
Event: 14178.955 GC heap after
{Heap after GC invocations=1582 (full 17):
 garbage-first heap   total 198656K, used 62419K [0x0000000704c00000, 0x0000000800000000)
  region size 2048K, 2 young (4096K), 2 survivors (4096K)
 Metaspace       used 84644K, committed 85824K, reserved 1179648K
  class space    used 10079K, committed 10624K, reserved 1048576K
}
Event: 14183.774 GC heap before
{Heap before GC invocations=1582 (full 17):
 garbage-first heap   total 198656K, used 177107K [0x0000000704c00000, 0x0000000800000000)
  region size 2048K, 58 young (118784K), 2 survivors (4096K)
 Metaspace       used 84644K, committed 85824K, reserved 1179648K
  class space    used 10079K, committed 10624K, reserved 1048576K
}
Event: 14183.776 GC heap after
{Heap after GC invocations=1583 (full 17):
 garbage-first heap   total 198656K, used 61731K [0x0000000704c00000, 0x0000000800000000)
  region size 2048K, 1 young (2048K), 1 survivors (2048K)
 Metaspace       used 84644K, committed 85824K, reserved 1179648K
  class space    used 10079K, committed 10624K, reserved 1048576K
}
Event: 14188.539 GC heap before
{Heap before GC invocations=1583 (full 17):
 garbage-first heap   total 198656K, used 178467K [0x0000000704c00000, 0x0000000800000000)
  region size 2048K, 58 young (118784K), 1 survivors (2048K)
 Metaspace       used 84644K, committed 85824K, reserved 1179648K
  class space    used 10079K, committed 10624K, reserved 1048576K
}
Event: 14188.541 GC heap after
{Heap after GC invocations=1584 (full 17):
 garbage-first heap   total 198656K, used 61784K [0x0000000704c00000, 0x0000000800000000)
  region size 2048K, 1 young (2048K), 1 survivors (2048K)
 Metaspace       used 84644K, committed 85824K, reserved 1179648K
  class space    used 10079K, committed 10624K, reserved 1048576K
}
Event: 14193.292 GC heap before
{Heap before GC invocations=1584 (full 17):
 garbage-first heap   total 198656K, used 178520K [0x0000000704c00000, 0x0000000800000000)
  region size 2048K, 58 young (118784K), 1 survivors (2048K)
 Metaspace       used 84644K, committed 85824K, reserved 1179648K
  class space    used 10079K, committed 10624K, reserved 1048576K
}
Event: 14193.294 GC heap after
{Heap after GC invocations=1585 (full 17):
 garbage-first heap   total 198656K, used 61946K [0x0000000704c00000, 0x0000000800000000)
  region size 2048K, 1 young (2048K), 1 survivors (2048K)
 Metaspace       used 84644K, committed 85824K, reserved 1179648K
  class space    used 10079K, committed 10624K, reserved 1048576K
}
Event: 14198.115 GC heap before
{Heap before GC invocations=1585 (full 17):
 garbage-first heap   total 198656K, used 178682K [0x0000000704c00000, 0x0000000800000000)
  region size 2048K, 58 young (118784K), 1 survivors (2048K)
 Metaspace       used 84644K, committed 85824K, reserved 1179648K
  class space    used 10079K, committed 10624K, reserved 1048576K
}

