# JRE version: OpenJDK Runtime Environment Temurin-21.0.4+7 (21.0.4+7) (build 21.0.4+7-LTS)
# Java VM: OpenJDK 64-Bit Server VM Temurin-21.0.4+7 (21.0.4+7-LTS, mixed mode, emulated-client, tiered, compressed oops, compressed class ptrs, g1 gc, windows-amd64)
GC Precious Log:
 CardTable entry size: 512
 Card Set container configuration: InlinePtr #cards 4 size 8 Array Of Cards #cards 16 size 48 Howl #buckets 8 coarsen threshold 3686 Howl Bitmap #cards 512 size 80 coarsen threshold 460 Card regions per heap region 1 cards per card region 4096
 CPUs: 12 total, 12 available
 Memory: 16076M
 Large Page Support: Disabled
 NUMA Support: Disabled
 Compressed Oops: Enabled (Zero based)
 Heap Region Size: 2M
 Heap Min Capacity: 8M
 Heap Initial Capacity: 252M
 Heap Max Capacity: 4020M
 Pre-touch: Disabled
 Parallel Workers: 10
 Concurrent Workers: 3
 Concurrent Refinement Workers: 10
 Periodic GC: Disabled
Heap:
 garbage-first heap   total 137216K, used 120696K [0x0000000704c00000, 0x0000000800000000)
  region size 2048K, 41 young (83968K), 4 survivors (8192K)
 Metaspace       used 80438K, committed 81408K, reserved 1179648K
  class space    used 9605K, committed 10048K, reserved 1048576K
GC Heap History (20 events):
Event: 25756.926 GC heap after
{Heap after GC invocations=2836 (full 29):
 garbage-first heap   total 143360K, used 49261K [0x0000000704c00000, 0x0000000800000000)
  region size 2048K, 2 young (4096K), 2 survivors (4096K)
 Metaspace       used 79070K, committed 79936K, reserved 1179648K
  class space    used 9462K, committed 9856K, reserved 1048576K
}
Event: 25763.880 GC heap before
{Heap before GC invocations=2836 (full 29):
 garbage-first heap   total 143360K, used 129133K [0x0000000704c00000, 0x0000000800000000)
  region size 2048K, 41 young (83968K), 2 survivors (4096K)
 Metaspace       used 79070K, committed 79936K, reserved 1179648K
  class space    used 9462K, committed 9856K, reserved 1048576K
}
Event: 25763.882 GC heap after
{Heap after GC invocations=2837 (full 29):
 garbage-first heap   total 143360K, used 48994K [0x0000000704c00000, 0x0000000800000000)
  region size 2048K, 2 young (4096K), 2 survivors (4096K)
 Metaspace       used 79070K, committed 79936K, reserved 1179648K
  class space    used 9462K, committed 9856K, reserved 1048576K
}
Event: 25770.849 GC heap before
{Heap before GC invocations=2837 (full 29):
 garbage-first heap   total 143360K, used 128866K [0x0000000704c00000, 0x0000000800000000)
  region size 2048K, 41 young (83968K), 2 survivors (4096K)
 Metaspace       used 79070K, committed 79936K, reserved 1179648K
  class space    used 9462K, committed 9856K, reserved 1048576K
}
Event: 25770.850 GC heap after
{Heap after GC invocations=2838 (full 29):
 garbage-first heap   total 143360K, used 46691K [0x0000000704c00000, 0x0000000800000000)
  region size 2048K, 1 young (2048K), 1 survivors (2048K)
 Metaspace       used 79070K, committed 79936K, reserved 1179648K
  class space    used 9462K, committed 9856K, reserved 1048576K
}
Event: 25777.898 GC heap before
{Heap before GC invocations=2838 (full 29):
 garbage-first heap   total 143360K, used 130659K [0x0000000704c00000, 0x0000000800000000)
  region size 2048K, 42 young (86016K), 1 survivors (2048K)
 Metaspace       used 79070K, committed 79936K, reserved 1179648K
  class space    used 9462K, committed 9856K, reserved 1048576K
}
Event: 25777.900 GC heap after
{Heap after GC invocations=2839 (full 29):
 garbage-first heap   total 143360K, used 47835K [0x0000000704c00000, 0x0000000800000000)
  region size 2048K, 1 young (2048K), 1 survivors (2048K)
 Metaspace       used 79070K, committed 79936K, reserved 1179648K
  class space    used 9462K, committed 9856K, reserved 1048576K
}
Event: 25784.977 GC heap before
{Heap before GC invocations=2839 (full 29):
 garbage-first heap   total 143360K, used 131803K [0x0000000704c00000, 0x0000000800000000)
  region size 2048K, 42 young (86016K), 1 survivors (2048K)
 Metaspace       used 79070K, committed 79936K, reserved 1179648K
  class space    used 9462K, committed 9856K, reserved 1048576K
}
Event: 25784.979 GC heap after
{Heap after GC invocations=2840 (full 29):
 garbage-first heap   total 143360K, used 49147K [0x0000000704c00000, 0x0000000800000000)
  region size 2048K, 2 young (4096K), 2 survivors (4096K)
 Metaspace       used 79070K, committed 79936K, reserved 1179648K
  class space    used 9462K, committed 9856K, reserved 1048576K
}
Event: 25787.213 GC heap before
{Heap before GC invocations=2840 (full 29):
 garbage-first heap   total 143360K, used 81915K [0x0000000704c00000, 0x0000000800000000)
  region size 2048K, 19 young (38912K), 2 survivors (4096K)
 Metaspace       used 79088K, committed 79936K, reserved 1179648K
  class space    used 9465K, committed 9856K, reserved 1048576K
}
Event: 25787.248 GC heap after
{Heap after GC invocations=2841 (full 30):
 garbage-first heap   total 137216K, used 37857K [0x0000000704c00000, 0x0000000800000000)
  region size 2048K, 0 young (0K), 0 survivors (0K)
 Metaspace       used 79082K, committed 79936K, reserved 1179648K
  class space    used 9464K, committed 9856K, reserved 1048576K
}
Event: 25790.963 GC heap before
{Heap before GC invocations=2841 (full 30):
 garbage-first heap   total 137216K, used 119777K [0x0000000704c00000, 0x0000000800000000)
  region size 2048K, 40 young (81920K), 0 survivors (0K)
 Metaspace       used 79679K, committed 80640K, reserved 1179648K
  class space    used 9548K, committed 9984K, reserved 1048576K
}
Event: 25790.966 GC heap after
{Heap after GC invocations=2842 (full 30):
 garbage-first heap   total 137216K, used 42349K [0x0000000704c00000, 0x0000000800000000)
  region size 2048K, 3 young (6144K), 3 survivors (6144K)
 Metaspace       used 79679K, committed 80640K, reserved 1179648K
  class space    used 9548K, committed 9984K, reserved 1048576K
}
Event: 25791.073 GC heap before
{Heap before GC invocations=2842 (full 30):
 garbage-first heap   total 137216K, used 56685K [0x0000000704c00000, 0x0000000800000000)
  region size 2048K, 11 young (22528K), 3 survivors (6144K)
 Metaspace       used 79728K, committed 80640K, reserved 1179648K
  class space    used 9560K, committed 9984K, reserved 1048576K
}
Event: 25791.077 GC heap after
{Heap after GC invocations=2843 (full 30):
 garbage-first heap   total 137216K, used 42948K [0x0000000704c00000, 0x0000000800000000)
  region size 2048K, 3 young (6144K), 3 survivors (6144K)
 Metaspace       used 79728K, committed 80640K, reserved 1179648K
  class space    used 9560K, committed 9984K, reserved 1048576K
}
Event: 25799.534 GC heap before
{Heap before GC invocations=2844 (full 30):
 garbage-first heap   total 137216K, used 118724K [0x0000000704c00000, 0x0000000800000000)
  region size 2048K, 40 young (81920K), 3 survivors (6144K)
 Metaspace       used 80438K, committed 81408K, reserved 1179648K
  class space    used 9605K, committed 10048K, reserved 1048576K
}
Event: 25799.539 GC heap after
{Heap after GC invocations=2845 (full 30):
 garbage-first heap   total 137216K, used 45260K [0x0000000704c00000, 0x0000000800000000)
  region size 2048K, 4 young (8192K), 4 survivors (8192K)
 Metaspace       used 80438K, committed 81408K, reserved 1179648K
  class space    used 9605K, committed 10048K, reserved 1048576K
}
Event: 25808.910 GC heap before
{Heap before GC invocations=2845 (full 30):
 garbage-first heap   total 137216K, used 116940K [0x0000000704c00000, 0x0000000800000000)
  region size 2048K, 39 young (79872K), 4 survivors (8192K)
 Metaspace       used 80438K, committed 81408K, reserved 1179648K
  class space    used 9605K, committed 10048K, reserved 1048576K
}
Event: 25808.913 GC heap after
{Heap after GC invocations=2846 (full 30):
 garbage-first heap   total 137216K, used 44920K [0x0000000704c00000, 0x0000000800000000)
  region size 2048K, 2 young (4096K), 2 survivors (4096K)
 Metaspace       used 80438K, committed 81408K, reserved 1179648K
  class space    used 9605K, committed 10048K, reserved 1048576K
}
Event: 25818.341 GC heap before
{Heap before GC invocations=2846 (full 30):
 garbage-first heap   total 137216K, used 120696K [0x0000000704c00000, 0x0000000800000000)
  region size 2048K, 39 young (79872K), 2 survivors (4096K)
 Metaspace       used 80438K, committed 81408K, reserved 1179648K
  class space    used 9605K, committed 10048K, reserved 1048576K
}

